{"level":"fatal","time":"2021-02-18T12:19:18.141+0800","linenum":"/home/jacksie/2021-ZeroGravity-backend/log/log.go:74","msg":"Open database failed","serviceName":"server","reason":"Error 1045: Access denied for user ''@'localhost' (using password: NO)","detail":"Database connection failed. Database name: "}
{"level":"info","time":"2021-02-18T12:21:21.889+0800","linenum":"/home/jacksie/2021-ZeroGravity-backend/log/log.go:69","msg":"Start to listening the incoming requests on http address: 0.0.0.0:8899","serviceName":"server"}
{"level":"info","time":"2021-02-18T12:21:21.890+0800","linenum":"/home/jacksie/2021-ZeroGravity-backend/log/log.go:69","msg":"Waiting for the router, retry in 1 second.","serviceName":"server"}
{"level":"info","time":"2021-02-18T12:21:22.892+0800","linenum":"/home/jacksie/2021-ZeroGravity-backend/log/log.go:69","msg":"Waiting for the router, retry in 1 second.","serviceName":"server"}
{"level":"info","time":"2021-02-18T12:21:23.893+0800","linenum":"/home/jacksie/2021-ZeroGravity-backend/log/log.go:69","msg":"Waiting for the router, retry in 1 second.","serviceName":"server"}
{"level":"info","time":"2021-02-18T12:21:24.894+0800","linenum":"/home/jacksie/2021-ZeroGravity-backend/log/log.go:69","msg":"Waiting for the router, retry in 1 second.","serviceName":"server"}
{"level":"info","time":"2021-02-18T12:21:25.896+0800","linenum":"/home/jacksie/2021-ZeroGravity-backend/log/log.go:69","msg":"Waiting for the router, retry in 1 second.","serviceName":"server"}
{"level":"info","time":"2021-02-18T12:21:26.897+0800","linenum":"/home/jacksie/2021-ZeroGravity-backend/log/log.go:69","msg":"Waiting for the router, retry in 1 second.","serviceName":"server"}
{"level":"info","time":"2021-02-18T12:21:27.898+0800","linenum":"/home/jacksie/2021-ZeroGravity-backend/log/log.go:69","msg":"Waiting for the router, retry in 1 second.","serviceName":"server"}
{"level":"info","time":"2021-02-18T12:21:28.900+0800","linenum":"/home/jacksie/2021-ZeroGravity-backend/log/log.go:69","msg":"Waiting for the router, retry in 1 second.","serviceName":"server"}
{"level":"info","time":"2021-02-18T12:21:29.901+0800","linenum":"/home/jacksie/2021-ZeroGravity-backend/log/log.go:69","msg":"Waiting for the router, retry in 1 second.","serviceName":"server"}
{"level":"info","time":"2021-02-18T12:21:30.903+0800","linenum":"/home/jacksie/2021-ZeroGravity-backend/log/log.go:69","msg":"Waiting for the router, retry in 1 second.","serviceName":"server"}
{"level":"fatal","time":"2021-02-18T12:21:31.903+0800","linenum":"/home/jacksie/2021-ZeroGravity-backend/log/log.go:74","msg":"The router has no response, or it might took too long to start up.","serviceName":"server","reason":"Cannot connect to the router."}
{"level":"info","time":"2021-02-18T12:23:20.470+0800","linenum":"/home/jacksie/2021-ZeroGravity-backend/log/log.go:69","msg":"Start to listening the incoming requests on http address: 0.0.0.0:8899","serviceName":"server"}
{"level":"info","time":"2021-02-18T12:23:20.471+0800","linenum":"/home/jacksie/2021-ZeroGravity-backend/log/log.go:69","msg":"The router has been deployed successfully.","serviceName":"server"}
{"level":"fatal","time":"2021-02-18T16:41:38.621+0800","linenum":"/home/jacksie/2021-ZeroGravity-backend/log/log.go:74","msg":"Open database failed","serviceName":"server","reason":"Error 1045: Access denied for user ''@'localhost' (using password: NO)","detail":"Database connection failed. Database name: ZeroGravity"}
{"level":"info","time":"2021-02-18T16:46:14.036+0800","linenum":"/home/jacksie/2021-ZeroGravity-backend/log/log.go:69","msg":"Start to listening the incoming requests on http address: 0.0.0.0:8899","serviceName":"server"}
{"level":"info","time":"2021-02-18T16:46:14.036+0800","linenum":"/home/jacksie/2021-ZeroGravity-backend/log/log.go:69","msg":"The router has been deployed successfully.","serviceName":"server"}
{"level":"info","time":"2021-02-18T17:45:34.708+0800","linenum":"/home/jacksie/2021-ZeroGravity-backend/log/log.go:69","msg":"Start to listening the incoming requests on http address: 0.0.0.0:8899","serviceName":"server"}
{"level":"info","time":"2021-02-18T17:45:34.709+0800","linenum":"/home/jacksie/2021-ZeroGravity-backend/log/log.go:69","msg":"Waiting for the router, retry in 1 second.","serviceName":"server"}
{"level":"info","time":"2021-02-18T17:45:35.710+0800","linenum":"/home/jacksie/2021-ZeroGravity-backend/log/log.go:69","msg":"The token was invalid.","serviceName":"server","X-Request-Id":"a9dc105b-525e-450c-bb92-67c4b62359df"}
{"level":"info","time":"2021-02-18T17:45:35.711+0800","linenum":"/home/jacksie/2021-ZeroGravity-backend/log/log.go:69","msg":"The router has been deployed successfully.","serviceName":"server"}
{"level":"info","time":"2021-02-18T20:09:42.924+0800","linenum":"/home/jacksie/2021-ZeroGravity-backend/log/log.go:69","msg":"Start to listening the incoming requests on http address: 0.0.0.0:8899","serviceName":"server"}
{"level":"info","time":"2021-02-18T20:09:42.924+0800","linenum":"/home/jacksie/2021-ZeroGravity-backend/log/log.go:69","msg":"The token was invalid.","serviceName":"server","X-Request-Id":"b0aceca3-6d08-494e-b304-76e3fac26c40"}
{"level":"info","time":"2021-02-18T20:09:42.925+0800","linenum":"/home/jacksie/2021-ZeroGravity-backend/log/log.go:69","msg":"The router has been deployed successfully.","serviceName":"server"}
{"level":"info","time":"2021-02-18T20:42:53.378+0800","linenum":"/home/jacksie/2021-ZeroGravity-backend/log/log.go:69","msg":"Start to listening the incoming requests on http address: 0.0.0.0:8899","serviceName":"server"}
{"level":"info","time":"2021-02-18T20:42:53.379+0800","linenum":"/home/jacksie/2021-ZeroGravity-backend/log/log.go:69","msg":"The token was invalid.","serviceName":"server","X-Request-Id":"d3888ee3-a6c6-4f2d-9a65-734cf9b690cb"}
{"level":"info","time":"2021-02-18T20:42:53.379+0800","linenum":"/home/jacksie/2021-ZeroGravity-backend/log/log.go:69","msg":"The router has been deployed successfully.","serviceName":"server"}
{"level":"info","time":"2021-02-18T20:44:53.891+0800","linenum":"/home/jacksie/2021-ZeroGravity-backend/log/log.go:69","msg":"User register function called.","serviceName":"server","X-Request-Id":"4e42f577-fb92-442a-bfe5-cfa572386651"}
{"level":"error","time":"2021-02-18T20:44:53.908+0800","linenum":"/home/jacksie/2021-ZeroGravity-backend/log/log.go:84","msg":"Database error.","serviceName":"server","X-Request-Id":"4e42f577-fb92-442a-bfe5-cfa572386651","cause":"Error 1364: Field 'id' doesn't have a default value","source":"/home/jacksie/2021-ZeroGravity-backend/handler/user/register.go:28"}
{"level":"info","time":"2021-02-18T20:44:53.908+0800","linenum":"/home/jacksie/2021-ZeroGravity-backend/log/log.go:69","msg":"16.480627ms   | ::1          | POST /api/v1/register | {code: 20002, message: Database error.: Error 1364: Field 'id' doesn't have a default value}","serviceName":"server"}
{"level":"info","time":"2021-02-18T20:49:44.760+0800","linenum":"/home/jacksie/2021-ZeroGravity-backend/log/log.go:69","msg":"Start to listening the incoming requests on http address: 0.0.0.0:8899","serviceName":"server"}
{"level":"info","time":"2021-02-18T20:49:44.761+0800","linenum":"/home/jacksie/2021-ZeroGravity-backend/log/log.go:69","msg":"Waiting for the router, retry in 1 second.","serviceName":"server"}
{"level":"info","time":"2021-02-18T20:49:45.761+0800","linenum":"/home/jacksie/2021-ZeroGravity-backend/log/log.go:69","msg":"The token was invalid.","serviceName":"server","X-Request-Id":"5a36a3ef-9a42-4972-a298-a26a5b8195de"}
{"level":"info","time":"2021-02-18T20:49:45.762+0800","linenum":"/home/jacksie/2021-ZeroGravity-backend/log/log.go:69","msg":"The router has been deployed successfully.","serviceName":"server"}
{"level":"info","time":"2021-02-18T20:49:48.543+0800","linenum":"/home/jacksie/2021-ZeroGravity-backend/log/log.go:69","msg":"User register function called.","serviceName":"server","X-Request-Id":"e0e73d74-3fe4-45ff-8af1-2637669b5982"}
{"level":"info","time":"2021-02-18T20:49:48.561+0800","linenum":"/home/jacksie/2021-ZeroGravity-backend/log/log.go:69","msg":"OK","serviceName":"server","X-Request-Id":"e0e73d74-3fe4-45ff-8af1-2637669b5982"}
{"level":"info","time":"2021-02-18T20:49:48.561+0800","linenum":"/home/jacksie/2021-ZeroGravity-backend/log/log.go:69","msg":"18.046644ms   | ::1          | POST /api/v1/register | {code: 0, message: OK}","serviceName":"server"}
{"level":"info","time":"2021-02-18T20:50:43.713+0800","linenum":"/home/jacksie/2021-ZeroGravity-backend/log/log.go:69","msg":"User login function called.","serviceName":"server","X-Request-Id":"956258e2-88ab-4dbf-95c6-495905480223"}
{"level":"info","time":"2021-02-18T20:50:43.717+0800","linenum":"/home/jacksie/2021-ZeroGravity-backend/log/log.go:69","msg":"OK","serviceName":"server","X-Request-Id":"956258e2-88ab-4dbf-95c6-495905480223"}
{"level":"info","time":"2021-02-18T20:50:43.717+0800","linenum":"/home/jacksie/2021-ZeroGravity-backend/log/log.go:69","msg":"4.598499ms    | ::1          | POST /api/v1/login | {code: 0, message: OK}","serviceName":"server"}
{"level":"info","time":"2021-02-18T20:53:36.739+0800","linenum":"/home/jacksie/2021-ZeroGravity-backend/log/log.go:69","msg":"User register function called.","serviceName":"server","X-Request-Id":"171dcf71-259f-4498-88da-3d26c7636c0f"}
{"level":"info","time":"2021-02-18T20:53:36.754+0800","linenum":"/home/jacksie/2021-ZeroGravity-backend/log/log.go:69","msg":"OK","serviceName":"server","X-Request-Id":"171dcf71-259f-4498-88da-3d26c7636c0f"}
{"level":"info","time":"2021-02-18T20:53:36.754+0800","linenum":"/home/jacksie/2021-ZeroGravity-backend/log/log.go:69","msg":"14.981429ms   | ::1          | POST /api/v1/register | {code: 0, message: OK}","serviceName":"server"}
{"level":"info","time":"2021-02-18T20:54:36.416+0800","linenum":"/home/jacksie/2021-ZeroGravity-backend/log/log.go:69","msg":"User register function called.","serviceName":"server","X-Request-Id":"e8dc628f-da98-4fc4-a70b-f2a32fc2ed4b"}
{"level":"info","time":"2021-02-18T20:54:36.427+0800","linenum":"/home/jacksie/2021-ZeroGravity-backend/log/log.go:69","msg":"OK","serviceName":"server","X-Request-Id":"e8dc628f-da98-4fc4-a70b-f2a32fc2ed4b"}
{"level":"info","time":"2021-02-18T20:54:36.427+0800","linenum":"/home/jacksie/2021-ZeroGravity-backend/log/log.go:69","msg":"11.546873ms   | ::1          | POST /api/v1/register | {code: 0, message: OK}","serviceName":"server"}
{"level":"info","time":"2021-02-18T20:54:57.657+0800","linenum":"/home/jacksie/2021-ZeroGravity-backend/log/log.go:69","msg":"User login function called.","serviceName":"server","X-Request-Id":"005346f7-6349-4ec9-9f9a-93df6126b92d"}
{"level":"error","time":"2021-02-18T20:54:57.658+0800","linenum":"/home/jacksie/2021-ZeroGravity-backend/log/log.go:84","msg":"The password was incorrect.","serviceName":"server","X-Request-Id":"005346f7-6349-4ec9-9f9a-93df6126b92d","cause":"record not found","source":"/home/jacksie/2021-ZeroGravity-backend/handler/user/login.go:29"}
{"level":"info","time":"2021-02-18T20:54:57.658+0800","linenum":"/home/jacksie/2021-ZeroGravity-backend/log/log.go:69","msg":"998.887µs     | ::1          | POST /api/v1/login | {code: 20202, message: The password was incorrect.: record not found}","serviceName":"server"}
{"level":"info","time":"2021-02-18T20:59:07.605+0800","linenum":"/home/jacksie/2021-ZeroGravity-backend/log/log.go:69","msg":"Start to listening the incoming requests on http address: 0.0.0.0:8899","serviceName":"server"}
{"level":"info","time":"2021-02-18T20:59:07.605+0800","linenum":"/home/jacksie/2021-ZeroGravity-backend/log/log.go:69","msg":"The token was invalid.","serviceName":"server","X-Request-Id":"bec590d0-81ee-4e30-9509-5f730021157e"}
{"level":"info","time":"2021-02-18T20:59:07.605+0800","linenum":"/home/jacksie/2021-ZeroGravity-backend/log/log.go:69","msg":"The router has been deployed successfully.","serviceName":"server"}
{"level":"info","time":"2021-02-18T20:59:19.553+0800","linenum":"/home/jacksie/2021-ZeroGravity-backend/log/log.go:69","msg":"User register function called.","serviceName":"server","X-Request-Id":"4d471d44-6135-4017-bc32-99dce5d6c499"}
{"level":"info","time":"2021-02-18T20:59:19.565+0800","linenum":"/home/jacksie/2021-ZeroGravity-backend/log/log.go:69","msg":"OK","serviceName":"server","X-Request-Id":"4d471d44-6135-4017-bc32-99dce5d6c499"}
{"level":"info","time":"2021-02-18T20:59:19.565+0800","linenum":"/home/jacksie/2021-ZeroGravity-backend/log/log.go:69","msg":"12.155395ms   | ::1          | POST /api/v1/register | {code: 0, message: OK}","serviceName":"server"}
{"level":"info","time":"2021-02-18T21:09:59.506+0800","linenum":"/home/jacksie/2021-ZeroGravity-backend/log/log.go:69","msg":"Start to listening the incoming requests on http address: 0.0.0.0:8899","serviceName":"server"}
{"level":"info","time":"2021-02-18T21:09:59.506+0800","linenum":"/home/jacksie/2021-ZeroGravity-backend/log/log.go:69","msg":"The token was invalid.","serviceName":"server","X-Request-Id":"34ef6427-43a3-4321-847a-3ffab5bd02cb"}
{"level":"info","time":"2021-02-18T21:09:59.507+0800","linenum":"/home/jacksie/2021-ZeroGravity-backend/log/log.go:69","msg":"The router has been deployed successfully.","serviceName":"server"}
{"level":"info","time":"2021-02-18T21:10:12.313+0800","linenum":"/home/jacksie/2021-ZeroGravity-backend/log/log.go:69","msg":"User register function called.","serviceName":"server","X-Request-Id":"3f27a5af-b3e6-489a-a26b-d49e9d7bfb76"}
{"level":"error","time":"2021-02-18T21:10:12.314+0800","linenum":"/home/jacksie/2021-ZeroGravity-backend/log/log.go:84","msg":"Database error.","serviceName":"server","X-Request-Id":"3f27a5af-b3e6-489a-a26b-d49e9d7bfb76","cause":"user has existed","source":"/home/jacksie/2021-ZeroGravity-backend/handler/user/register.go:28"}
{"level":"info","time":"2021-02-18T21:10:12.314+0800","linenum":"/home/jacksie/2021-ZeroGravity-backend/log/log.go:69","msg":"798.045µs     | ::1          | POST /api/v1/register | {code: 20002, message: Database error.: user has existed}","serviceName":"server"}
{"level":"info","time":"2021-02-18T21:11:12.170+0800","linenum":"/home/jacksie/2021-ZeroGravity-backend/log/log.go:69","msg":"User register function called.","serviceName":"server","X-Request-Id":"54c862e5-555d-428d-af54-0ee699c43111"}
{"level":"error","time":"2021-02-18T21:11:12.172+0800","linenum":"/home/jacksie/2021-ZeroGravity-backend/log/log.go:84","msg":"Database error.","serviceName":"server","X-Request-Id":"54c862e5-555d-428d-af54-0ee699c43111","cause":"user has existed","source":"/home/jacksie/2021-ZeroGravity-backend/handler/user/register.go:28"}
{"level":"info","time":"2021-02-18T21:11:12.172+0800","linenum":"/home/jacksie/2021-ZeroGravity-backend/log/log.go:69","msg":"1.405939ms    | ::1          | POST /api/v1/register | {code: 20002, message: Database error.: user has existed}","serviceName":"server"}
{"level":"info","time":"2021-02-18T21:16:34.329+0800","linenum":"/home/jacksie/2021-ZeroGravity-backend/log/log.go:69","msg":"Start to listening the incoming requests on http address: 0.0.0.0:8899","serviceName":"server"}
{"level":"info","time":"2021-02-18T21:16:34.330+0800","linenum":"/home/jacksie/2021-ZeroGravity-backend/log/log.go:69","msg":"Waiting for the router, retry in 1 second.","serviceName":"server"}
{"level":"info","time":"2021-02-18T21:16:35.331+0800","linenum":"/home/jacksie/2021-ZeroGravity-backend/log/log.go:69","msg":"The token was invalid.","serviceName":"server","X-Request-Id":"0aa08393-7a8f-4c34-bef8-3e7d1688a73f"}
{"level":"info","time":"2021-02-18T21:16:35.331+0800","linenum":"/home/jacksie/2021-ZeroGravity-backend/log/log.go:69","msg":"The router has been deployed successfully.","serviceName":"server"}
{"level":"info","time":"2021-02-18T21:16:43.911+0800","linenum":"/home/jacksie/2021-ZeroGravity-backend/log/log.go:69","msg":"User register function called.","serviceName":"server","X-Request-Id":"45ba24e5-146c-469e-a71b-53b31cf0dfc5"}
{"level":"error","time":"2021-02-18T21:16:43.912+0800","linenum":"/home/jacksie/2021-ZeroGravity-backend/log/log.go:84","msg":"Database error.","serviceName":"server","X-Request-Id":"45ba24e5-146c-469e-a71b-53b31cf0dfc5","cause":"lack for information","source":"/home/jacksie/2021-ZeroGravity-backend/handler/user/register.go:28"}
{"level":"info","time":"2021-02-18T21:16:43.912+0800","linenum":"/home/jacksie/2021-ZeroGravity-backend/log/log.go:69","msg":"283.657µs     | ::1          | POST /api/v1/register | {code: 20002, message: Database error.: lack for information}","serviceName":"server"}
{"level":"info","time":"2021-02-18T21:17:02.422+0800","linenum":"/home/jacksie/2021-ZeroGravity-backend/log/log.go:69","msg":"User register function called.","serviceName":"server","X-Request-Id":"efe52758-3432-4d82-a039-20acfa91a05d"}
{"level":"error","time":"2021-02-18T21:17:02.422+0800","linenum":"/home/jacksie/2021-ZeroGravity-backend/log/log.go:84","msg":"Database error.","serviceName":"server","X-Request-Id":"efe52758-3432-4d82-a039-20acfa91a05d","cause":"lack for information","source":"/home/jacksie/2021-ZeroGravity-backend/handler/user/register.go:28"}
{"level":"info","time":"2021-02-18T21:17:02.422+0800","linenum":"/home/jacksie/2021-ZeroGravity-backend/log/log.go:69","msg":"160.04µs      | ::1          | POST /api/v1/register | {code: 20002, message: Database error.: lack for information}","serviceName":"server"}
{"level":"info","time":"2021-02-18T21:17:06.686+0800","linenum":"/home/jacksie/2021-ZeroGravity-backend/log/log.go:69","msg":"User register function called.","serviceName":"server","X-Request-Id":"2627ae07-e2fd-4fd3-abd1-9a1cb0e56ff5"}
{"level":"error","time":"2021-02-18T21:17:06.686+0800","linenum":"/home/jacksie/2021-ZeroGravity-backend/log/log.go:84","msg":"Database error.","serviceName":"server","X-Request-Id":"2627ae07-e2fd-4fd3-abd1-9a1cb0e56ff5","cause":"record not found","source":"/home/jacksie/2021-ZeroGravity-backend/handler/user/register.go:28"}
{"level":"info","time":"2021-02-18T21:17:06.687+0800","linenum":"/home/jacksie/2021-ZeroGravity-backend/log/log.go:69","msg":"999.649µs     | ::1          | POST /api/v1/register | {code: 20002, message: Database error.: record not found}","serviceName":"server"}
{"level":"info","time":"2021-02-18T21:19:06.856+0800","linenum":"/home/jacksie/2021-ZeroGravity-backend/log/log.go:69","msg":"Start to listening the incoming requests on http address: 0.0.0.0:8899","serviceName":"server"}
{"level":"info","time":"2021-02-18T21:19:06.857+0800","linenum":"/home/jacksie/2021-ZeroGravity-backend/log/log.go:69","msg":"The token was invalid.","serviceName":"server","X-Request-Id":"92e030bd-2783-48fa-bf56-c5b6c4f092a1"}
{"level":"info","time":"2021-02-18T21:19:06.857+0800","linenum":"/home/jacksie/2021-ZeroGravity-backend/log/log.go:69","msg":"The router has been deployed successfully.","serviceName":"server"}
{"level":"info","time":"2021-02-18T21:19:11.062+0800","linenum":"/home/jacksie/2021-ZeroGravity-backend/log/log.go:69","msg":"User register function called.","serviceName":"server","X-Request-Id":"17ea1a06-71fa-43cb-aeb0-d7d230771daa"}
{"level":"error","time":"2021-02-18T21:19:11.063+0800","linenum":"/home/jacksie/2021-ZeroGravity-backend/log/log.go:84","msg":"Database error.","serviceName":"server","X-Request-Id":"17ea1a06-71fa-43cb-aeb0-d7d230771daa","cause":"user has existed","source":"/home/jacksie/2021-ZeroGravity-backend/handler/user/register.go:28"}
{"level":"info","time":"2021-02-18T21:19:11.063+0800","linenum":"/home/jacksie/2021-ZeroGravity-backend/log/log.go:69","msg":"1.353182ms    | ::1          | POST /api/v1/register | {code: 20002, message: Database error.: user has existed}","serviceName":"server"}
{"level":"info","time":"2021-02-18T21:20:34.334+0800","linenum":"/home/jacksie/2021-ZeroGravity-backend/log/log.go:69","msg":"User register function called.","serviceName":"server","X-Request-Id":"dcd5f8ca-0b83-4f1f-9cc1-8c82abb762cd"}
{"level":"error","time":"2021-02-18T21:20:34.335+0800","linenum":"/home/jacksie/2021-ZeroGravity-backend/log/log.go:84","msg":"Database error.","serviceName":"server","X-Request-Id":"dcd5f8ca-0b83-4f1f-9cc1-8c82abb762cd","cause":"user has existed","source":"/home/jacksie/2021-ZeroGravity-backend/handler/user/register.go:28"}
{"level":"info","time":"2021-02-18T21:20:34.335+0800","linenum":"/home/jacksie/2021-ZeroGravity-backend/log/log.go:69","msg":"803.813µs     | ::1          | POST /api/v1/register | {code: 20002, message: Database error.: user has existed}","serviceName":"server"}
{"level":"info","time":"2021-02-18T21:25:43.800+0800","linenum":"/home/jacksie/2021-ZeroGravity-backend/log/log.go:69","msg":"Start to listening the incoming requests on http address: 0.0.0.0:8899","serviceName":"server"}
{"level":"info","time":"2021-02-18T21:25:43.801+0800","linenum":"/home/jacksie/2021-ZeroGravity-backend/log/log.go:69","msg":"The token was invalid.","serviceName":"server","X-Request-Id":"d216b5dd-ea6c-47c0-87de-09e9310bf823"}
{"level":"info","time":"2021-02-18T21:25:43.801+0800","linenum":"/home/jacksie/2021-ZeroGravity-backend/log/log.go:69","msg":"The router has been deployed successfully.","serviceName":"server"}
{"level":"info","time":"2021-02-18T21:25:48.750+0800","linenum":"/home/jacksie/2021-ZeroGravity-backend/log/log.go:69","msg":"User register function called.","serviceName":"server","X-Request-Id":"c05bfe32-d3e2-4234-9a1a-61d74a1fcbac"}
{"level":"error","time":"2021-02-18T21:25:48.751+0800","linenum":"/home/jacksie/2021-ZeroGravity-backend/log/log.go:84","msg":"Database error.","serviceName":"server","X-Request-Id":"c05bfe32-d3e2-4234-9a1a-61d74a1fcbac","cause":"user has existed","source":"/home/jacksie/2021-ZeroGravity-backend/handler/user/register.go:28"}
{"level":"info","time":"2021-02-18T21:25:48.751+0800","linenum":"/home/jacksie/2021-ZeroGravity-backend/log/log.go:69","msg":"794.253µs     | ::1          | POST /api/v1/register | {code: 20002, message: Database error.: user has existed}","serviceName":"server"}
{"level":"info","time":"2021-02-18T21:27:25.217+0800","linenum":"/home/jacksie/2021-ZeroGravity-backend/log/log.go:69","msg":"Start to listening the incoming requests on http address: 0.0.0.0:8899","serviceName":"server"}
{"level":"info","time":"2021-02-18T21:27:25.217+0800","linenum":"/home/jacksie/2021-ZeroGravity-backend/log/log.go:69","msg":"The token was invalid.","serviceName":"server","X-Request-Id":"85c16bf5-e07b-45b0-bcbd-e274673998cf"}
{"level":"info","time":"2021-02-18T21:27:25.217+0800","linenum":"/home/jacksie/2021-ZeroGravity-backend/log/log.go:69","msg":"The router has been deployed successfully.","serviceName":"server"}
{"level":"info","time":"2021-02-18T21:27:28.780+0800","linenum":"/home/jacksie/2021-ZeroGravity-backend/log/log.go:69","msg":"User register function called.","serviceName":"server","X-Request-Id":"9f54386f-915b-4e73-9e2c-5c807bcd4a55"}
{"level":"error","time":"2021-02-18T21:27:28.781+0800","linenum":"/home/jacksie/2021-ZeroGravity-backend/log/log.go:84","msg":"Database error.","serviceName":"server","X-Request-Id":"9f54386f-915b-4e73-9e2c-5c807bcd4a55","cause":"user had existed","source":"/home/jacksie/2021-ZeroGravity-backend/handler/user/register.go:28"}
{"level":"info","time":"2021-02-18T21:27:28.782+0800","linenum":"/home/jacksie/2021-ZeroGravity-backend/log/log.go:69","msg":"1.46744ms     | ::1          | POST /api/v1/register | {code: 20002, message: Database error.: user had existed}","serviceName":"server"}
{"level":"info","time":"2021-02-18T21:29:22.013+0800","linenum":"/home/jacksie/2021-ZeroGravity-backend/log/log.go:69","msg":"Start to listening the incoming requests on http address: 0.0.0.0:8899","serviceName":"server"}
{"level":"info","time":"2021-02-18T21:29:22.013+0800","linenum":"/home/jacksie/2021-ZeroGravity-backend/log/log.go:69","msg":"The token was invalid.","serviceName":"server","X-Request-Id":"f9c09e80-c182-44a7-85eb-aa93872b54e9"}
{"level":"info","time":"2021-02-18T21:29:22.014+0800","linenum":"/home/jacksie/2021-ZeroGravity-backend/log/log.go:69","msg":"The router has been deployed successfully.","serviceName":"server"}
{"level":"info","time":"2021-02-18T21:29:26.049+0800","linenum":"/home/jacksie/2021-ZeroGravity-backend/log/log.go:69","msg":"User register function called.","serviceName":"server","X-Request-Id":"04664091-15d4-4096-857c-e87821ea8dc1"}
{"level":"info","time":"2021-02-18T21:29:26.065+0800","linenum":"/home/jacksie/2021-ZeroGravity-backend/log/log.go:69","msg":"OK","serviceName":"server","X-Request-Id":"04664091-15d4-4096-857c-e87821ea8dc1"}
{"level":"info","time":"2021-02-18T21:29:26.065+0800","linenum":"/home/jacksie/2021-ZeroGravity-backend/log/log.go:69","msg":"15.589638ms   | ::1          | POST /api/v1/register | {code: 0, message: OK}","serviceName":"server"}
{"level":"info","time":"2021-02-18T21:29:30.284+0800","linenum":"/home/jacksie/2021-ZeroGravity-backend/log/log.go:69","msg":"User register function called.","serviceName":"server","X-Request-Id":"11efbeaa-450f-45f1-8445-f9396a198e86"}
{"level":"error","time":"2021-02-18T21:29:30.284+0800","linenum":"/home/jacksie/2021-ZeroGravity-backend/log/log.go:84","msg":"Database error.","serviceName":"server","X-Request-Id":"11efbeaa-450f-45f1-8445-f9396a198e86","cause":"user had existed","source":"/home/jacksie/2021-ZeroGravity-backend/handler/user/register.go:28"}
{"level":"info","time":"2021-02-18T21:29:30.285+0800","linenum":"/home/jacksie/2021-ZeroGravity-backend/log/log.go:69","msg":"1.059228ms    | ::1          | POST /api/v1/register | {code: 20002, message: Database error.: user had existed}","serviceName":"server"}
{"level":"fatal","time":"2021-02-20T14:26:13.154+0800","linenum":"/home/gongna/go/src/github.com/2021-ZeroGravity-backend/log/log.go:74","msg":"Open database failed","serviceName":"server","reason":"Error 1045: Access denied for user ''@'localhost' (using password: NO)","detail":"Database connection failed. Database name: ZeroGravity"}
{"level":"fatal","time":"2021-02-20T14:57:01.062+0800","linenum":"/home/gongna/go/src/github.com/2021-ZeroGravity-backend/log/log.go:74","msg":"Open database failed","serviceName":"server","reason":"Error 1044: Access denied for user 'gongna'@'%' to database 'ZeroGravity'","detail":"Database connection failed. Database name: ZeroGravity"}
{"level":"fatal","time":"2021-02-20T15:03:40.860+0800","linenum":"/home/gongna/go/src/github.com/2021-ZeroGravity-backend/log/log.go:74","msg":"Open database failed","serviceName":"server","reason":"Error 1044: Access denied for user 'gongna'@'%' to database 'ZeroGravity'","detail":"Database connection failed. Database name: ZeroGravity"}
{"level":"fatal","time":"2021-02-20T15:08:16.690+0800","linenum":"/home/gongna/go/src/github.com/2021-ZeroGravity-backend/log/log.go:74","msg":"Open database failed","serviceName":"server","reason":"Error 1044: Access denied for user 'gongna'@'%' to database 'ZeroGravity'","detail":"Database connection failed. Database name: ZeroGravity"}
{"level":"info","time":"2021-02-20T16:43:45.394+0800","linenum":"/home/gongna/go/src/github.com/2021-ZeroGravity-backend/log/log.go:69","msg":"Start to listening the incoming requests on http address: 0.0.0.0:8899","serviceName":"server"}
{"level":"info","time":"2021-02-20T16:43:45.395+0800","linenum":"/home/gongna/go/src/github.com/2021-ZeroGravity-backend/log/log.go:69","msg":"The token was invalid.","serviceName":"server","X-Request-Id":"0422172c-e881-4b67-af52-eb6b952a0bd0"}
{"level":"info","time":"2021-02-20T16:43:45.395+0800","linenum":"/home/gongna/go/src/github.com/2021-ZeroGravity-backend/log/log.go:69","msg":"The router has been deployed successfully.","serviceName":"server"}
