{"level":"fatal","time":"2021-02-20T15:32:43.994+0800","linenum":"/home/jacksie/2021-ZeroGravity-backend/log/log.go:74","msg":"Open database failed","serviceName":"server","reason":"Error 1045: Access denied for user ''@'localhost' (using password: NO)","detail":"Database connection failed. Database name: ZeroGravity"}
{"level":"info","time":"2021-02-20T15:33:05.446+0800","linenum":"/home/jacksie/2021-ZeroGravity-backend/log/log.go:69","msg":"Start to listening the incoming requests on http address: 0.0.0.0:8899","serviceName":"server"}
{"level":"info","time":"2021-02-20T15:33:05.447+0800","linenum":"/home/jacksie/2021-ZeroGravity-backend/log/log.go:69","msg":"The token was invalid.","serviceName":"server","X-Request-Id":"20a3ae97-f1dd-498e-a0b7-50fda3b5fcb8"}
{"level":"info","time":"2021-02-20T15:33:05.447+0800","linenum":"/home/jacksie/2021-ZeroGravity-backend/log/log.go:69","msg":"The router has been deployed successfully.","serviceName":"server"}
{"level":"info","time":"2021-02-20T21:47:13.991+0800","linenum":"/home/jacksie/2021-ZeroGravity-backend/log/log.go:69","msg":"Start to listening the incoming requests on http address: 0.0.0.0:8899","serviceName":"server"}
{"level":"info","time":"2021-02-20T21:47:13.991+0800","linenum":"/home/jacksie/2021-ZeroGravity-backend/log/log.go:69","msg":"Waiting for the router, retry in 1 second.","serviceName":"server"}
{"level":"info","time":"2021-02-20T21:47:14.992+0800","linenum":"/home/jacksie/2021-ZeroGravity-backend/log/log.go:69","msg":"The token was invalid.","serviceName":"server","X-Request-Id":"9ab507c6-54b7-4ecf-8851-17758eb66d29"}
{"level":"info","time":"2021-02-20T21:47:14.993+0800","linenum":"/home/jacksie/2021-ZeroGravity-backend/log/log.go:69","msg":"The router has been deployed successfully.","serviceName":"server"}
{"level":"info","time":"2021-02-20T22:06:35.404+0800","linenum":"/home/jacksie/2021-ZeroGravity-backend/log/log.go:69","msg":"Start to listening the incoming requests on http address: 0.0.0.0:8899","serviceName":"server"}
{"level":"info","time":"2021-02-20T22:06:35.405+0800","linenum":"/home/jacksie/2021-ZeroGravity-backend/log/log.go:69","msg":"The token was invalid.","serviceName":"server","X-Request-Id":"244041ce-cee8-4262-a5ad-29348e2ef09d"}
{"level":"info","time":"2021-02-20T22:06:35.405+0800","linenum":"/home/jacksie/2021-ZeroGravity-backend/log/log.go:69","msg":"The router has been deployed successfully.","serviceName":"server"}
{"level":"info","time":"2021-02-20T22:38:50.851+0800","linenum":"/home/jacksie/2021-ZeroGravity-backend/log/log.go:69","msg":"Start to listening the incoming requests on http address: 0.0.0.0:8899","serviceName":"server"}
{"level":"info","time":"2021-02-20T22:38:50.851+0800","linenum":"/home/jacksie/2021-ZeroGravity-backend/log/log.go:69","msg":"Waiting for the router, retry in 1 second.","serviceName":"server"}
{"level":"info","time":"2021-02-20T22:38:51.853+0800","linenum":"/home/jacksie/2021-ZeroGravity-backend/log/log.go:69","msg":"The token was invalid.","serviceName":"server","X-Request-Id":"b05e7b4c-2b98-4a8d-96b0-313868be23a9"}
{"level":"info","time":"2021-02-20T22:38:51.854+0800","linenum":"/home/jacksie/2021-ZeroGravity-backend/log/log.go:69","msg":"The router has been deployed successfully.","serviceName":"server"}
{"level":"info","time":"2021-02-20T23:15:04.143+0800","linenum":"/home/jacksie/2021-ZeroGravity-backend/log/log.go:69","msg":"Start to listening the incoming requests on http address: 0.0.0.0:8899","serviceName":"server"}
{"level":"info","time":"2021-02-20T23:15:04.143+0800","linenum":"/home/jacksie/2021-ZeroGravity-backend/log/log.go:69","msg":"Waiting for the router, retry in 1 second.","serviceName":"server"}
{"level":"info","time":"2021-02-20T23:15:05.145+0800","linenum":"/home/jacksie/2021-ZeroGravity-backend/log/log.go:69","msg":"The token was invalid.","serviceName":"server","X-Request-Id":"967331f3-e34d-43d5-b923-dd5d1a7b37dd"}
{"level":"info","time":"2021-02-20T23:15:05.146+0800","linenum":"/home/jacksie/2021-ZeroGravity-backend/log/log.go:69","msg":"The router has been deployed successfully.","serviceName":"server"}
{"level":"info","time":"2021-02-21T00:27:10.505+0800","linenum":"/home/jacksie/2021-ZeroGravity-backend/log/log.go:69","msg":"Start to listening the incoming requests on http address: 0.0.0.0:8899","serviceName":"server"}
{"level":"info","time":"2021-02-21T00:27:10.507+0800","linenum":"/home/jacksie/2021-ZeroGravity-backend/log/log.go:69","msg":"The token was invalid.","serviceName":"server","X-Request-Id":"e98c651d-dd20-4a19-babf-09dc7b7e6c0c"}
{"level":"info","time":"2021-02-21T00:27:10.507+0800","linenum":"/home/jacksie/2021-ZeroGravity-backend/log/log.go:69","msg":"The router has been deployed successfully.","serviceName":"server"}
{"level":"info","time":"2021-02-21T18:17:44.589+0800","linenum":"/home/jacksie/2021-ZeroGravity-backend/log/log.go:69","msg":"Start to listening the incoming requests on http address: 0.0.0.0:8899","serviceName":"server"}
{"level":"info","time":"2021-02-21T18:17:44.590+0800","linenum":"/home/jacksie/2021-ZeroGravity-backend/log/log.go:69","msg":"The router has been deployed successfully.","serviceName":"server"}
{"level":"info","time":"2021-02-21T20:57:05.395+0800","linenum":"/home/jacksie/2021-ZeroGravity-backend/log/log.go:69","msg":"Start to listening the incoming requests on http address: 0.0.0.0:8899","serviceName":"server"}
{"level":"info","time":"2021-02-21T20:57:05.396+0800","linenum":"/home/jacksie/2021-ZeroGravity-backend/log/log.go:69","msg":"The router has been deployed successfully.","serviceName":"server"}
{"level":"info","time":"2021-02-22T17:21:43.311+0800","linenum":"/home/jacksie/2021-ZeroGravity-backend/log/log.go:69","msg":"Start to listening the incoming requests on http address: 0.0.0.0:8899","serviceName":"server"}
{"level":"info","time":"2021-02-22T17:21:43.312+0800","linenum":"/home/jacksie/2021-ZeroGravity-backend/log/log.go:69","msg":"The router has been deployed successfully.","serviceName":"server"}
{"level":"info","time":"2021-02-22T17:43:39.008+0800","linenum":"/home/jacksie/2021-ZeroGravity-backend/log/log.go:69","msg":"Start to listening the incoming requests on http address: 0.0.0.0:8899","serviceName":"server"}
{"level":"info","time":"2021-02-22T17:43:39.009+0800","linenum":"/home/jacksie/2021-ZeroGravity-backend/log/log.go:69","msg":"The router has been deployed successfully.","serviceName":"server"}
{"level":"fatal","time":"2021-02-24T23:45:42.960+0800","linenum":"/home/tao/桌面/2021-ZeroGravity-backend/log/log.go:74","msg":"Open database failed","serviceName":"server","reason":"Error 1045: Access denied for user 'gongna2'@'localhost' (using password: YES)","detail":"Database connection failed. Database name: ZeroGravity"}
{"level":"fatal","time":"2021-02-25T00:57:44.648+0800","linenum":"/home/tao/桌面/2021-ZeroGravity-backend/log/log.go:74","msg":"Open database failed","serviceName":"server","reason":"Error 1045: Access denied for user 'gongna2'@'localhost' (using password: YES)","detail":"Database connection failed. Database name: ZeroGravity"}
{"level":"fatal","time":"2021-02-26T12:02:04.722+0800","linenum":"/home/tao/桌面/2021-ZeroGravity-backend/log/log.go:74","msg":"Open database failed","serviceName":"server","reason":"Error 1045: Access denied for user 'gongna2'@'localhost' (using password: YES)","detail":"Database connection failed. Database name: ZeroGravity"}
{"level":"fatal","time":"2021-02-26T12:04:05.498+0800","linenum":"/home/tao/桌面/2021-ZeroGravity-backend/log/log.go:74","msg":"Open database failed","serviceName":"server","reason":"Error 1698: Access denied for user 'root'@'localhost'","detail":"Database connection failed. Database name: ZeroGravity"}
{"level":"fatal","time":"2021-02-26T12:04:42.574+0800","linenum":"/home/tao/桌面/2021-ZeroGravity-backend/log/log.go:74","msg":"Open database failed","serviceName":"server","reason":"Error 1049: Unknown database 'ZeroGravity'","detail":"Database connection failed. Database name: ZeroGravity"}
{"level":"info","time":"2021-02-26T12:50:43.680+0800","linenum":"/home/tao/桌面/2021-ZeroGravity-backend/log/log.go:69","msg":"Start to listening the incoming requests on http address: 0.0.0.0:8899","serviceName":"server"}
{"level":"info","time":"2021-02-26T12:50:43.681+0800","linenum":"/home/tao/桌面/2021-ZeroGravity-backend/log/log.go:69","msg":"Waiting for the router, retry in 1 second.","serviceName":"server"}
{"level":"info","time":"2021-02-26T12:50:44.685+0800","linenum":"/home/tao/桌面/2021-ZeroGravity-backend/log/log.go:69","msg":"The router has been deployed successfully.","serviceName":"server"}
{"level":"info","time":"2021-02-26T12:54:48.906+0800","linenum":"/home/tao/桌面/2021-ZeroGravity-backend/log/log.go:69","msg":"Start to listening the incoming requests on http address: 0.0.0.0:8899","serviceName":"server"}
{"level":"info","time":"2021-02-26T12:54:48.907+0800","linenum":"/home/tao/桌面/2021-ZeroGravity-backend/log/log.go:69","msg":"The router has been deployed successfully.","serviceName":"server"}
{"level":"info","time":"2021-02-26T14:29:11.681+0800","linenum":"/home/tao/桌面/2021-ZeroGravity-backend/log/log.go:69","msg":"Start to listening the incoming requests on http address: 0.0.0.0:8899","serviceName":"server"}
{"level":"info","time":"2021-02-26T14:29:11.682+0800","linenum":"/home/tao/桌面/2021-ZeroGravity-backend/log/log.go:69","msg":"Waiting for the router, retry in 1 second.","serviceName":"server"}
{"level":"info","time":"2021-02-26T14:29:12.685+0800","linenum":"/home/tao/桌面/2021-ZeroGravity-backend/log/log.go:69","msg":"The router has been deployed successfully.","serviceName":"server"}
{"level":"info","time":"2021-03-03T17:25:02.322+0800","linenum":"/home/gongna/go/src/github.com/2021-ZeroGravity-backend/log/log.go:69","msg":"Start to listening the incoming requests on http address: 0.0.0.0:8899","serviceName":"server"}
{"level":"info","time":"2021-03-03T17:25:02.323+0800","linenum":"/home/gongna/go/src/github.com/2021-ZeroGravity-backend/log/log.go:69","msg":"Waiting for the router, retry in 1 second.","serviceName":"server"}
{"level":"info","time":"2021-03-03T17:25:03.324+0800","linenum":"/home/gongna/go/src/github.com/2021-ZeroGravity-backend/log/log.go:69","msg":"The router has been deployed successfully.","serviceName":"server"}
{"level":"fatal","time":"2021-03-07T09:22:33.253+0800","linenum":"/home/gongna/go/src/github.com/2021-ZeroGravity-backend/log/log.go:74","msg":"Open database failed","serviceName":"server","reason":"Error 1698: Access denied for user 'root'@'localhost'","detail":"Database connection failed. Database name: ZeroGravity"}
{"level":"fatal","time":"2021-03-07T09:28:19.526+0800","linenum":"/home/gongna/go/src/github.com/2021-ZeroGravity-backend/log/log.go:74","msg":"Open database failed","serviceName":"server","reason":"Error 1045: Access denied for user ''@'localhost' (using password: NO)","detail":"Database connection failed. Database name: "}
{"level":"fatal","time":"2021-03-07T09:29:10.295+0800","linenum":"/home/gongna/go/src/github.com/2021-ZeroGravity-backend/log/log.go:74","msg":"Open database failed","serviceName":"server","reason":"Error 1045: Access denied for user ''@'localhost' (using password: NO)","detail":"Database connection failed. Database name: "}
{"level":"fatal","time":"2021-03-07T09:29:26.454+0800","linenum":"/home/gongna/go/src/github.com/2021-ZeroGravity-backend/log/log.go:74","msg":"Open database failed","serviceName":"server","reason":"Error 1045: Access denied for user ''@'localhost' (using password: NO)","detail":"Database connection failed. Database name: "}
{"level":"fatal","time":"2021-03-07T09:30:45.577+0800","linenum":"/home/gongna/go/src/github.com/2021-ZeroGravity-backend/log/log.go:74","msg":"Open database failed","serviceName":"server","reason":"Error 1045: Access denied for user ''@'localhost' (using password: NO)","detail":"Database connection failed. Database name: "}
{"level":"fatal","time":"2021-03-07T09:32:06.136+0800","linenum":"/home/gongna/go/src/github.com/2021-ZeroGravity-backend/log/log.go:74","msg":"Open database failed","serviceName":"server","reason":"Error 1045: Access denied for user ''@'localhost' (using password: NO)","detail":"Database connection failed. Database name: "}
{"level":"fatal","time":"2021-03-07T09:35:21.043+0800","linenum":"/home/gongna/go/src/github.com/2021-ZeroGravity-backend/log/log.go:74","msg":"Open database failed","serviceName":"server","reason":"Error 1045: Access denied for user ''@'localhost' (using password: NO)","detail":"Database connection failed. Database name: "}
{"level":"fatal","time":"2021-03-07T09:43:40.813+0800","linenum":"/home/gongna/go/src/github.com/2021-ZeroGravity-backend/log/log.go:74","msg":"Open database failed","serviceName":"server","reason":"Error 1698: Access denied for user 'root'@'localhost'","detail":"Database connection failed. Database name: ZeroGravity"}
{"level":"fatal","time":"2021-03-07T09:49:27.918+0800","linenum":"/home/gongna/go/src/github.com/2021-ZeroGravity-backend/log/log.go:74","msg":"Open database failed","serviceName":"server","reason":"Error 1698: Access denied for user 'root'@'localhost'","detail":"Database connection failed. Database name: ZeroGravity"}
{"level":"info","time":"2021-03-07T09:54:32.708+0800","linenum":"/home/gongna/go/src/github.com/2021-ZeroGravity-backend/log/log.go:69","msg":"Start to listening the incoming requests on http address: 0.0.0.0:8899","serviceName":"server"}
{"level":"info","time":"2021-03-07T09:54:32.708+0800","linenum":"/home/gongna/go/src/github.com/2021-ZeroGravity-backend/log/log.go:69","msg":"The router has been deployed successfully.","serviceName":"server"}
{"level":"info","time":"2021-03-07T09:55:39.521+0800","linenum":"/home/gongna/go/src/github.com/2021-ZeroGravity-backend/log/log.go:69","msg":"User register function called.","serviceName":"server","X-Request-Id":"e3e0cd9d-b19e-466f-8bec-73d44d7b7ca2"}
{"level":"error","time":"2021-03-07T09:55:39.521+0800","linenum":"/home/gongna/go/src/github.com/2021-ZeroGravity-backend/log/log.go:84","msg":"Error occurred while binding the request body to the struct.","serviceName":"server","X-Request-Id":"e3e0cd9d-b19e-466f-8bec-73d44d7b7ca2","cause":"invalid character '-' in numeric literal","source":"/home/gongna/go/src/github.com/2021-ZeroGravity-backend/handler/auth/register.go:32"}
{"level":"info","time":"2021-03-07T09:55:39.521+0800","linenum":"/home/gongna/go/src/github.com/2021-ZeroGravity-backend/log/log.go:69","msg":"263.917µs     | ::1          | POST /api/v1/auth/register | {code: 10002, message: Error occurred while binding the request body to the struct.: invalid character '-' in numeric literal}","serviceName":"server"}
{"level":"info","time":"2021-03-07T10:05:59.352+0800","linenum":"/home/gongna/go/src/github.com/2021-ZeroGravity-backend/log/log.go:69","msg":"User register function called.","serviceName":"server","X-Request-Id":"bf810b65-c20e-4fd4-823f-89213ec2d05b"}
{"level":"error","time":"2021-03-07T10:05:59.352+0800","linenum":"/home/gongna/go/src/github.com/2021-ZeroGravity-backend/log/log.go:84","msg":"Base64 decoding error.","serviceName":"server","X-Request-Id":"bf810b65-c20e-4fd4-823f-89213ec2d05b","cause":"illegal base64 data at input byte 0","source":""}
{"level":"info","time":"2021-03-07T10:05:59.352+0800","linenum":"/home/gongna/go/src/github.com/2021-ZeroGravity-backend/log/log.go:69","msg":"353.739µs     | ::1          | POST /api/v1/auth/register | {code: 20003, message: Base64 decoding error.: illegal base64 data at input byte 0}","serviceName":"server"}
{"level":"info","time":"2021-03-07T10:08:10.151+0800","linenum":"/home/gongna/go/src/github.com/2021-ZeroGravity-backend/log/log.go:69","msg":"User register function called.","serviceName":"server","X-Request-Id":"29f8cea1-51f8-45be-b9e1-f213949e29c1"}
{"level":"error","time":"2021-03-07T10:08:10.151+0800","linenum":"/home/gongna/go/src/github.com/2021-ZeroGravity-backend/log/log.go:84","msg":"Base64 decoding error.","serviceName":"server","X-Request-Id":"29f8cea1-51f8-45be-b9e1-f213949e29c1","cause":"illegal base64 data at input byte 0","source":""}
{"level":"info","time":"2021-03-07T10:08:10.151+0800","linenum":"/home/gongna/go/src/github.com/2021-ZeroGravity-backend/log/log.go:69","msg":"144.573µs     | ::1          | POST /api/v1/auth/register | {code: 20003, message: Base64 decoding error.: illegal base64 data at input byte 0}","serviceName":"server"}
{"level":"info","time":"2021-03-07T10:09:14.290+0800","linenum":"/home/gongna/go/src/github.com/2021-ZeroGravity-backend/log/log.go:69","msg":"User register function called.","serviceName":"server","X-Request-Id":"fb37e31e-f9e2-4521-b460-386b28c85c8d"}
{"level":"error","time":"2021-03-07T10:09:14.290+0800","linenum":"/home/gongna/go/src/github.com/2021-ZeroGravity-backend/log/log.go:84","msg":"Base64 decoding error.","serviceName":"server","X-Request-Id":"fb37e31e-f9e2-4521-b460-386b28c85c8d","cause":"illegal base64 data at input byte 0","source":""}
{"level":"info","time":"2021-03-07T10:09:14.290+0800","linenum":"/home/gongna/go/src/github.com/2021-ZeroGravity-backend/log/log.go:69","msg":"138.283µs     | ::1          | POST /api/v1/auth/register | {code: 20003, message: Base64 decoding error.: illegal base64 data at input byte 0}","serviceName":"server"}
{"level":"info","time":"2021-03-07T10:11:01.859+0800","linenum":"/home/gongna/go/src/github.com/2021-ZeroGravity-backend/log/log.go:69","msg":"User register function called.","serviceName":"server","X-Request-Id":"672757f8-0066-450a-9a34-e1e075a56610"}
{"level":"error","time":"2021-03-07T10:11:01.859+0800","linenum":"/home/gongna/go/src/github.com/2021-ZeroGravity-backend/log/log.go:84","msg":"Database error.","serviceName":"server","X-Request-Id":"672757f8-0066-450a-9a34-e1e075a56610","cause":"lack for information","source":"/home/gongna/go/src/github.com/2021-ZeroGravity-backend/handler/auth/register.go:45"}
{"level":"info","time":"2021-03-07T10:11:01.859+0800","linenum":"/home/gongna/go/src/github.com/2021-ZeroGravity-backend/log/log.go:69","msg":"171.623µs     | ::1          | POST /api/v1/auth/register | {code: 20002, message: Database error.: lack for information}","serviceName":"server"}
{"level":"info","time":"2021-03-07T10:11:03.394+0800","linenum":"/home/gongna/go/src/github.com/2021-ZeroGravity-backend/log/log.go:69","msg":"User register function called.","serviceName":"server","X-Request-Id":"ac27b34c-9f75-4972-82b8-29b16321b2c2"}
{"level":"error","time":"2021-03-07T10:11:03.394+0800","linenum":"/home/gongna/go/src/github.com/2021-ZeroGravity-backend/log/log.go:84","msg":"Database error.","serviceName":"server","X-Request-Id":"ac27b34c-9f75-4972-82b8-29b16321b2c2","cause":"lack for information","source":"/home/gongna/go/src/github.com/2021-ZeroGravity-backend/handler/auth/register.go:45"}
{"level":"info","time":"2021-03-07T10:11:03.394+0800","linenum":"/home/gongna/go/src/github.com/2021-ZeroGravity-backend/log/log.go:69","msg":"172.171µs     | ::1          | POST /api/v1/auth/register | {code: 20002, message: Database error.: lack for information}","serviceName":"server"}
{"level":"info","time":"2021-03-07T10:13:10.313+0800","linenum":"/home/gongna/go/src/github.com/2021-ZeroGravity-backend/log/log.go:69","msg":"User register function called.","serviceName":"server","X-Request-Id":"c15f43d4-5373-4f84-8358-6f29559cf9bb"}
{"level":"error","time":"2021-03-07T10:13:10.313+0800","linenum":"/home/gongna/go/src/github.com/2021-ZeroGravity-backend/log/log.go:84","msg":"Error occurred while binding the request body to the struct.","serviceName":"server","X-Request-Id":"c15f43d4-5373-4f84-8358-6f29559cf9bb","cause":"invalid character 'a' looking for beginning of object key string","source":"/home/gongna/go/src/github.com/2021-ZeroGravity-backend/handler/auth/register.go:32"}
{"level":"info","time":"2021-03-07T10:13:10.313+0800","linenum":"/home/gongna/go/src/github.com/2021-ZeroGravity-backend/log/log.go:69","msg":"139.743µs     | ::1          | POST /api/v1/auth/register | {code: 10002, message: Error occurred while binding the request body to the struct.: invalid character 'a' looking for beginning of object key string}","serviceName":"server"}
{"level":"info","time":"2021-03-07T10:14:08.757+0800","linenum":"/home/gongna/go/src/github.com/2021-ZeroGravity-backend/log/log.go:69","msg":"User register function called.","serviceName":"server","X-Request-Id":"cf3fdc7c-912b-4111-8696-e076fac63b49"}
{"level":"info","time":"2021-03-07T10:14:08.767+0800","linenum":"/home/gongna/go/src/github.com/2021-ZeroGravity-backend/log/log.go:69","msg":"OK","serviceName":"server","X-Request-Id":"cf3fdc7c-912b-4111-8696-e076fac63b49"}
{"level":"info","time":"2021-03-07T10:14:08.767+0800","linenum":"/home/gongna/go/src/github.com/2021-ZeroGravity-backend/log/log.go:69","msg":"10.411886ms   | ::1          | POST /api/v1/auth/register | {code: 0, message: OK}","serviceName":"server"}
{"level":"info","time":"2021-03-10T20:22:45.713+0800","linenum":"/home/gongna/go/src/github.com/2021-ZeroGravity-backend/log/log.go:69","msg":"Start to listening the incoming requests on http address: 0.0.0.0:8899","serviceName":"server"}
{"level":"info","time":"2021-03-10T20:22:45.714+0800","linenum":"/home/gongna/go/src/github.com/2021-ZeroGravity-backend/log/log.go:69","msg":"Waiting for the router, retry in 1 second.","serviceName":"server"}
{"level":"info","time":"2021-03-10T20:22:46.714+0800","linenum":"/home/gongna/go/src/github.com/2021-ZeroGravity-backend/log/log.go:69","msg":"The router has been deployed successfully.","serviceName":"server"}
{"level":"info","time":"2021-03-13T12:43:00.478+0800","linenum":"/home/gongna/go/src/github.com/2021-ZeroGravity-backend/log/log.go:69","msg":"Start to listening the incoming requests on http address: 0.0.0.0:8899","serviceName":"server"}
{"level":"info","time":"2021-03-13T12:43:00.479+0800","linenum":"/home/gongna/go/src/github.com/2021-ZeroGravity-backend/log/log.go:69","msg":"Waiting for the router, retry in 1 second.","serviceName":"server"}
{"level":"info","time":"2021-03-13T12:43:01.479+0800","linenum":"/home/gongna/go/src/github.com/2021-ZeroGravity-backend/log/log.go:69","msg":"The router has been deployed successfully.","serviceName":"server"}
{"level":"error","time":"2021-03-13T12:44:16.842+0800","linenum":"/home/gongna/go/src/github.com/2021-ZeroGravity-backend/log/log.go:84","msg":"JSON unmarshal failed","serviceName":"server","reason":"unexpected end of JSON input","detail":"response body can not unmarshal to model.Response struct, body: ``"}
{"level":"info","time":"2021-03-13T12:44:16.843+0800","linenum":"/home/gongna/go/src/github.com/2021-ZeroGravity-backend/log/log.go:69","msg":"65.726µs      | ::1          | POST /api/v1/api/v1/login | {code: 10001, message: unexpected end of JSON input}","serviceName":"server"}
{"level":"error","time":"2021-03-13T12:44:24.819+0800","linenum":"/home/gongna/go/src/github.com/2021-ZeroGravity-backend/log/log.go:84","msg":"JSON unmarshal failed","serviceName":"server","reason":"unexpected end of JSON input","detail":"response body can not unmarshal to model.Response struct, body: ``"}
{"level":"info","time":"2021-03-13T12:44:24.819+0800","linenum":"/home/gongna/go/src/github.com/2021-ZeroGravity-backend/log/log.go:69","msg":"30.279µs      | ::1          | POST /api/v1/api/v1/login | {code: 10001, message: unexpected end of JSON input}","serviceName":"server"}
{"level":"error","time":"2021-03-13T12:44:30.096+0800","linenum":"/home/gongna/go/src/github.com/2021-ZeroGravity-backend/log/log.go:84","msg":"JSON unmarshal failed","serviceName":"server","reason":"unexpected end of JSON input","detail":"response body can not unmarshal to model.Response struct, body: ``"}
{"level":"info","time":"2021-03-13T12:44:30.096+0800","linenum":"/home/gongna/go/src/github.com/2021-ZeroGravity-backend/log/log.go:69","msg":"44.661µs      | ::1          | POST /api/v1/api/v1/login | {code: 10001, message: unexpected end of JSON input}","serviceName":"server"}
{"level":"error","time":"2021-03-13T12:44:49.590+0800","linenum":"/home/gongna/go/src/github.com/2021-ZeroGravity-backend/log/log.go:84","msg":"JSON unmarshal failed","serviceName":"server","reason":"unexpected end of JSON input","detail":"response body can not unmarshal to model.Response struct, body: ``"}
{"level":"info","time":"2021-03-13T12:44:49.590+0800","linenum":"/home/gongna/go/src/github.com/2021-ZeroGravity-backend/log/log.go:69","msg":"23.927µs      | ::1          | POST /api/v1/api/v1/login | {code: 10001, message: unexpected end of JSON input}","serviceName":"server"}
{"level":"error","time":"2021-03-13T12:44:49.930+0800","linenum":"/home/gongna/go/src/github.com/2021-ZeroGravity-backend/log/log.go:84","msg":"JSON unmarshal failed","serviceName":"server","reason":"unexpected end of JSON input","detail":"response body can not unmarshal to model.Response struct, body: ``"}
{"level":"info","time":"2021-03-13T12:44:49.931+0800","linenum":"/home/gongna/go/src/github.com/2021-ZeroGravity-backend/log/log.go:69","msg":"29.827µs      | ::1          | POST /api/v1/api/v1/login | {code: 10001, message: unexpected end of JSON input}","serviceName":"server"}
{"level":"error","time":"2021-03-13T12:44:56.130+0800","linenum":"/home/gongna/go/src/github.com/2021-ZeroGravity-backend/log/log.go:84","msg":"JSON unmarshal failed","serviceName":"server","reason":"unexpected end of JSON input","detail":"response body can not unmarshal to model.Response struct, body: ``"}
{"level":"info","time":"2021-03-13T12:44:56.130+0800","linenum":"/home/gongna/go/src/github.com/2021-ZeroGravity-backend/log/log.go:69","msg":"55.2µs        | ::1          | POST /api/v1/api/v1/login | {code: 10001, message: unexpected end of JSON input}","serviceName":"server"}
{"level":"error","time":"2021-03-13T12:45:20.970+0800","linenum":"/home/gongna/go/src/github.com/2021-ZeroGravity-backend/log/log.go:84","msg":"JSON unmarshal failed","serviceName":"server","reason":"unexpected end of JSON input","detail":"response body can not unmarshal to model.Response struct, body: ``"}
{"level":"info","time":"2021-03-13T12:45:20.970+0800","linenum":"/home/gongna/go/src/github.com/2021-ZeroGravity-backend/log/log.go:69","msg":"66.09µs       | ::1          | POST /api/v1/login | {code: 10001, message: unexpected end of JSON input}","serviceName":"server"}
{"level":"error","time":"2021-03-13T12:45:42.688+0800","linenum":"/home/gongna/go/src/github.com/2021-ZeroGravity-backend/log/log.go:84","msg":"JSON unmarshal failed","serviceName":"server","reason":"unexpected end of JSON input","detail":"response body can not unmarshal to model.Response struct, body: ``"}
{"level":"info","time":"2021-03-13T12:45:42.689+0800","linenum":"/home/gongna/go/src/github.com/2021-ZeroGravity-backend/log/log.go:69","msg":"43.861µs      | ::1          | POST /api/v1/login | {code: 10001, message: unexpected end of JSON input}","serviceName":"server"}
{"level":"error","time":"2021-03-13T12:45:43.650+0800","linenum":"/home/gongna/go/src/github.com/2021-ZeroGravity-backend/log/log.go:84","msg":"JSON unmarshal failed","serviceName":"server","reason":"unexpected end of JSON input","detail":"response body can not unmarshal to model.Response struct, body: ``"}
{"level":"info","time":"2021-03-13T12:45:43.650+0800","linenum":"/home/gongna/go/src/github.com/2021-ZeroGravity-backend/log/log.go:69","msg":"33.851µs      | ::1          | POST /api/v1/login | {code: 10001, message: unexpected end of JSON input}","serviceName":"server"}
{"level":"error","time":"2021-03-13T12:47:24.777+0800","linenum":"/home/gongna/go/src/github.com/2021-ZeroGravity-backend/log/log.go:84","msg":"JSON unmarshal failed","serviceName":"server","reason":"unexpected end of JSON input","detail":"response body can not unmarshal to model.Response struct, body: ``"}
{"level":"info","time":"2021-03-13T12:47:24.777+0800","linenum":"/home/gongna/go/src/github.com/2021-ZeroGravity-backend/log/log.go:69","msg":"165.164µs     | ::1          | POST /api/v1/auth/register | {code: 10001, message: unexpected end of JSON input}","serviceName":"server"}
{"level":"error","time":"2021-03-13T12:47:26.134+0800","linenum":"/home/gongna/go/src/github.com/2021-ZeroGravity-backend/log/log.go:84","msg":"JSON unmarshal failed","serviceName":"server","reason":"unexpected end of JSON input","detail":"response body can not unmarshal to model.Response struct, body: ``"}
{"level":"info","time":"2021-03-13T12:47:26.134+0800","linenum":"/home/gongna/go/src/github.com/2021-ZeroGravity-backend/log/log.go:69","msg":"26.638µs      | ::1          | POST /api/v1/auth/register | {code: 10001, message: unexpected end of JSON input}","serviceName":"server"}
{"level":"info","time":"2021-03-13T12:49:21.443+0800","linenum":"/home/gongna/go/src/github.com/2021-ZeroGravity-backend/log/log.go:69","msg":"login function called.","serviceName":"server","X-Request-Id":"bea6a9e5-8000-4043-8644-adb065487170"}
{"level":"error","time":"2021-03-13T12:49:21.452+0800","linenum":"/home/gongna/go/src/github.com/2021-ZeroGravity-backend/log/log.go:84","msg":"The password was incorrect.","serviceName":"server","X-Request-Id":"bea6a9e5-8000-4043-8644-adb065487170","cause":"user doesn't exist","source":"/home/gongna/go/src/github.com/2021-ZeroGravity-backend/handler/auth/login.go:49"}
{"level":"info","time":"2021-03-13T12:49:21.452+0800","linenum":"/home/gongna/go/src/github.com/2021-ZeroGravity-backend/log/log.go:69","msg":"8.462417ms    | ::1          | POST /api/v1/auth/api/v1/login | {code: 40002, message: The password was incorrect.: user doesn't exist}","serviceName":"server"}
{"level":"info","time":"2021-03-13T12:49:38.097+0800","linenum":"/home/gongna/go/src/github.com/2021-ZeroGravity-backend/log/log.go:69","msg":"login function called.","serviceName":"server","X-Request-Id":"dbed62e1-930a-4997-a912-c45be992e70a"}
{"level":"error","time":"2021-03-13T12:49:38.098+0800","linenum":"/home/gongna/go/src/github.com/2021-ZeroGravity-backend/log/log.go:84","msg":"The password was incorrect.","serviceName":"server","X-Request-Id":"dbed62e1-930a-4997-a912-c45be992e70a","cause":"user doesn't exist","source":"/home/gongna/go/src/github.com/2021-ZeroGravity-backend/handler/auth/login.go:49"}
{"level":"info","time":"2021-03-13T12:49:38.098+0800","linenum":"/home/gongna/go/src/github.com/2021-ZeroGravity-backend/log/log.go:69","msg":"1.045302ms    | ::1          | POST /api/v1/auth/api/v1/login | {code: 40002, message: The password was incorrect.: user doesn't exist}","serviceName":"server"}
{"level":"info","time":"2021-03-13T12:49:46.725+0800","linenum":"/home/gongna/go/src/github.com/2021-ZeroGravity-backend/log/log.go:69","msg":"login function called.","serviceName":"server","X-Request-Id":"73f5970f-8aca-4a29-8f3b-0f3af9c8d09b"}
{"level":"error","time":"2021-03-13T12:49:46.725+0800","linenum":"/home/gongna/go/src/github.com/2021-ZeroGravity-backend/log/log.go:84","msg":"The password was incorrect.","serviceName":"server","X-Request-Id":"73f5970f-8aca-4a29-8f3b-0f3af9c8d09b","cause":"user doesn't exist","source":"/home/gongna/go/src/github.com/2021-ZeroGravity-backend/handler/auth/login.go:49"}
{"level":"info","time":"2021-03-13T12:49:46.726+0800","linenum":"/home/gongna/go/src/github.com/2021-ZeroGravity-backend/log/log.go:69","msg":"813.806µs     | ::1          | POST /api/v1/auth/api/v1/login | {code: 40002, message: The password was incorrect.: user doesn't exist}","serviceName":"server"}
{"level":"info","time":"2021-03-13T12:49:47.731+0800","linenum":"/home/gongna/go/src/github.com/2021-ZeroGravity-backend/log/log.go:69","msg":"login function called.","serviceName":"server","X-Request-Id":"bc12b4ef-67ee-4b08-98c4-340afb2c2e16"}
{"level":"error","time":"2021-03-13T12:49:47.732+0800","linenum":"/home/gongna/go/src/github.com/2021-ZeroGravity-backend/log/log.go:84","msg":"The password was incorrect.","serviceName":"server","X-Request-Id":"bc12b4ef-67ee-4b08-98c4-340afb2c2e16","cause":"user doesn't exist","source":"/home/gongna/go/src/github.com/2021-ZeroGravity-backend/handler/auth/login.go:49"}
{"level":"info","time":"2021-03-13T12:49:47.732+0800","linenum":"/home/gongna/go/src/github.com/2021-ZeroGravity-backend/log/log.go:69","msg":"796.434µs     | ::1          | POST /api/v1/auth/api/v1/login | {code: 40002, message: The password was incorrect.: user doesn't exist}","serviceName":"server"}
{"level":"info","time":"2021-03-13T12:50:06.449+0800","linenum":"/home/gongna/go/src/github.com/2021-ZeroGravity-backend/log/log.go:69","msg":"User register function called.","serviceName":"server","X-Request-Id":"d8d7420d-c58b-4812-9fa7-2c80fcf73a2d"}
{"level":"error","time":"2021-03-13T12:50:06.449+0800","linenum":"/home/gongna/go/src/github.com/2021-ZeroGravity-backend/log/log.go:84","msg":"Database error.","serviceName":"server","X-Request-Id":"d8d7420d-c58b-4812-9fa7-2c80fcf73a2d","cause":"lack for information","source":"/home/gongna/go/src/github.com/2021-ZeroGravity-backend/handler/auth/register.go:47"}
{"level":"info","time":"2021-03-13T12:50:06.449+0800","linenum":"/home/gongna/go/src/github.com/2021-ZeroGravity-backend/log/log.go:69","msg":"196.694µs     | ::1          | POST /api/v1/auth/api/v1/register | {code: 20002, message: Database error.: lack for information}","serviceName":"server"}
{"level":"info","time":"2021-03-13T12:51:36.889+0800","linenum":"/home/gongna/go/src/github.com/2021-ZeroGravity-backend/log/log.go:69","msg":"login function called.","serviceName":"server","X-Request-Id":"36e6950e-1a1f-4540-8429-75178c02e05c"}
{"level":"error","time":"2021-03-13T12:51:36.890+0800","linenum":"/home/gongna/go/src/github.com/2021-ZeroGravity-backend/log/log.go:84","msg":"The password was incorrect.","serviceName":"server","X-Request-Id":"36e6950e-1a1f-4540-8429-75178c02e05c","cause":"user doesn't exist","source":"/home/gongna/go/src/github.com/2021-ZeroGravity-backend/handler/auth/login.go:49"}
{"level":"info","time":"2021-03-13T12:51:36.890+0800","linenum":"/home/gongna/go/src/github.com/2021-ZeroGravity-backend/log/log.go:69","msg":"816.505µs     | ::1          | POST /api/v1/auth/api/v1/login | {code: 40002, message: The password was incorrect.: user doesn't exist}","serviceName":"server"}
{"level":"info","time":"2021-03-13T12:52:58.287+0800","linenum":"/home/gongna/go/src/github.com/2021-ZeroGravity-backend/log/log.go:69","msg":"User register function called.","serviceName":"server","X-Request-Id":"35431090-64ac-4f6b-8d26-4cad881cd1e9"}
{"level":"error","time":"2021-03-13T12:52:58.287+0800","linenum":"/home/gongna/go/src/github.com/2021-ZeroGravity-backend/log/log.go:84","msg":"Database error.","serviceName":"server","X-Request-Id":"35431090-64ac-4f6b-8d26-4cad881cd1e9","cause":"user had existed","source":"/home/gongna/go/src/github.com/2021-ZeroGravity-backend/handler/auth/register.go:47"}
{"level":"info","time":"2021-03-13T12:52:58.287+0800","linenum":"/home/gongna/go/src/github.com/2021-ZeroGravity-backend/log/log.go:69","msg":"780.549µs     | ::1          | POST /api/v1/auth/api/v1/register | {code: 20002, message: Database error.: user had existed}","serviceName":"server"}
{"level":"info","time":"2021-03-13T12:52:59.611+0800","linenum":"/home/gongna/go/src/github.com/2021-ZeroGravity-backend/log/log.go:69","msg":"User register function called.","serviceName":"server","X-Request-Id":"6b3ff8b8-593f-4d3e-be12-48e962f4c18c"}
{"level":"error","time":"2021-03-13T12:52:59.611+0800","linenum":"/home/gongna/go/src/github.com/2021-ZeroGravity-backend/log/log.go:84","msg":"Database error.","serviceName":"server","X-Request-Id":"6b3ff8b8-593f-4d3e-be12-48e962f4c18c","cause":"user had existed","source":"/home/gongna/go/src/github.com/2021-ZeroGravity-backend/handler/auth/register.go:47"}
{"level":"info","time":"2021-03-13T12:52:59.611+0800","linenum":"/home/gongna/go/src/github.com/2021-ZeroGravity-backend/log/log.go:69","msg":"685.765µs     | ::1          | POST /api/v1/auth/api/v1/register | {code: 20002, message: Database error.: user had existed}","serviceName":"server"}
{"level":"info","time":"2021-03-13T12:53:00.324+0800","linenum":"/home/gongna/go/src/github.com/2021-ZeroGravity-backend/log/log.go:69","msg":"User register function called.","serviceName":"server","X-Request-Id":"0286c492-5748-400b-99ba-cfc73a32aac0"}
{"level":"error","time":"2021-03-13T12:53:00.325+0800","linenum":"/home/gongna/go/src/github.com/2021-ZeroGravity-backend/log/log.go:84","msg":"Database error.","serviceName":"server","X-Request-Id":"0286c492-5748-400b-99ba-cfc73a32aac0","cause":"user had existed","source":"/home/gongna/go/src/github.com/2021-ZeroGravity-backend/handler/auth/register.go:47"}
{"level":"info","time":"2021-03-13T12:53:00.325+0800","linenum":"/home/gongna/go/src/github.com/2021-ZeroGravity-backend/log/log.go:69","msg":"776.607µs     | ::1          | POST /api/v1/auth/api/v1/register | {code: 20002, message: Database error.: user had existed}","serviceName":"server"}
{"level":"info","time":"2021-03-13T12:53:12.425+0800","linenum":"/home/gongna/go/src/github.com/2021-ZeroGravity-backend/log/log.go:69","msg":"login function called.","serviceName":"server","X-Request-Id":"5c036029-f6d3-4af5-a5bd-14a578346e63"}
{"level":"info","time":"2021-03-13T12:53:12.425+0800","linenum":"/home/gongna/go/src/github.com/2021-ZeroGravity-backend/log/log.go:69","msg":"OK","serviceName":"server","X-Request-Id":"5c036029-f6d3-4af5-a5bd-14a578346e63"}
{"level":"info","time":"2021-03-13T12:53:12.425+0800","linenum":"/home/gongna/go/src/github.com/2021-ZeroGravity-backend/log/log.go:69","msg":"790.673µs     | ::1          | POST /api/v1/auth/api/v1/login | {code: 0, message: OK}","serviceName":"server"}
{"level":"info","time":"2021-03-14T22:42:18.189+0800","linenum":"/home/gongna/go/src/github.com/2021-ZeroGravity-backend/log/log.go:69","msg":"Start to listening the incoming requests on http address: 0.0.0.0:8899","serviceName":"server"}
{"level":"info","time":"2021-03-14T22:42:18.189+0800","linenum":"/home/gongna/go/src/github.com/2021-ZeroGravity-backend/log/log.go:69","msg":"The router has been deployed successfully.","serviceName":"server"}
{"level":"fatal","time":"2021-03-14T22:44:13.771+0800","linenum":"/home/gongna/go/src/github.com/2021-ZeroGravity-backend/log/log.go:74","msg":"Open database failed","serviceName":"server","reason":"Error 1698: Access denied for user 'root'@'localhost'","detail":"Database connection failed. Database name: ZeroGravity"}
{"level":"fatal","time":"2021-03-17T16:05:29.835+0800","linenum":"/home/gongna/go/src/github.com/2021-ZeroGravity-backend/log/log.go:74","msg":"Open database failed","serviceName":"server","reason":"Error 1698: Access denied for user 'root'@'localhost'","detail":"Database connection failed. Database name: ZeroGravity"}
{"level":"fatal","time":"2021-03-17T16:06:25.589+0800","linenum":"/home/gongna/go/src/github.com/2021-ZeroGravity-backend/log/log.go:74","msg":"Open database failed","serviceName":"server","reason":"Error 1698: Access denied for user 'root'@'localhost'","detail":"Database connection failed. Database name: ZeroGravity"}
{"level":"info","time":"2021-03-17T16:06:56.597+0800","linenum":"/home/gongna/go/src/github.com/2021-ZeroGravity-backend/log/log.go:69","msg":"Start to listening the incoming requests on http address: 0.0.0.0:8899","serviceName":"server"}
{"level":"info","time":"2021-03-17T16:06:56.598+0800","linenum":"/home/gongna/go/src/github.com/2021-ZeroGravity-backend/log/log.go:69","msg":"The router has been deployed successfully.","serviceName":"server"}
{"level":"info","time":"2021-03-17T18:24:20.924+0800","linenum":"/home/gongna/go/src/github.com/2021-ZeroGravity-backend/log/log.go:69","msg":"login function called.","serviceName":"server","X-Request-Id":"b6acc2f1-8e4f-40f4-b3af-3575861b5ccc"}
{"level":"error","time":"2021-03-17T18:24:20.934+0800","linenum":"/home/gongna/go/src/github.com/2021-ZeroGravity-backend/log/log.go:84","msg":"The password was incorrect.","serviceName":"server","X-Request-Id":"b6acc2f1-8e4f-40f4-b3af-3575861b5ccc","cause":"user doesn't exist","source":"/home/gongna/go/src/github.com/2021-ZeroGravity-backend/handler/auth/login.go:49"}
{"level":"info","time":"2021-03-17T18:24:20.934+0800","linenum":"/home/gongna/go/src/github.com/2021-ZeroGravity-backend/log/log.go:69","msg":"10.100269ms   | ::1          | POST /api/v1/auth/api/v1/login | {code: 40002, message: The password was incorrect.: user doesn't exist}","serviceName":"server"}
{"level":"info","time":"2021-03-17T18:24:34.594+0800","linenum":"/home/gongna/go/src/github.com/2021-ZeroGravity-backend/log/log.go:69","msg":"User register function called.","serviceName":"server","X-Request-Id":"c4a65d24-688c-424f-bf52-3ebc5e23926b"}
{"level":"info","time":"2021-03-17T18:24:34.601+0800","linenum":"/home/gongna/go/src/github.com/2021-ZeroGravity-backend/log/log.go:69","msg":"OK","serviceName":"server","X-Request-Id":"c4a65d24-688c-424f-bf52-3ebc5e23926b"}
{"level":"info","time":"2021-03-17T18:24:34.602+0800","linenum":"/home/gongna/go/src/github.com/2021-ZeroGravity-backend/log/log.go:69","msg":"7.092292ms    | ::1          | POST /api/v1/auth/api/v1/register | {code: 0, message: OK}","serviceName":"server"}
{"level":"info","time":"2021-03-17T18:24:43.002+0800","linenum":"/home/gongna/go/src/github.com/2021-ZeroGravity-backend/log/log.go:69","msg":"login function called.","serviceName":"server","X-Request-Id":"875c9397-3e81-4381-be7f-17c03ece23b9"}
{"level":"info","time":"2021-03-17T18:24:43.004+0800","linenum":"/home/gongna/go/src/github.com/2021-ZeroGravity-backend/log/log.go:69","msg":"OK","serviceName":"server","X-Request-Id":"875c9397-3e81-4381-be7f-17c03ece23b9"}
{"level":"info","time":"2021-03-17T18:24:43.004+0800","linenum":"/home/gongna/go/src/github.com/2021-ZeroGravity-backend/log/log.go:69","msg":"1.627524ms    | ::1          | POST /api/v1/auth/api/v1/login | {code: 0, message: OK}","serviceName":"server"}
{"level":"info","time":"2021-03-17T18:40:05.107+0800","linenum":"/home/gongna/go/src/github.com/2021-ZeroGravity-backend/log/log.go:69","msg":"Start to listening the incoming requests on http address: 0.0.0.0:8899","serviceName":"server"}
{"level":"info","time":"2021-03-17T18:40:05.108+0800","linenum":"/home/gongna/go/src/github.com/2021-ZeroGravity-backend/log/log.go:69","msg":"listen tcp 0.0.0.0:8899: bind: address already in use","serviceName":"server"}
{"level":"info","time":"2021-03-17T18:40:24.196+0800","linenum":"/home/gongna/go/src/github.com/2021-ZeroGravity-backend/log/log.go:69","msg":"login function called.","serviceName":"server","X-Request-Id":"630484c3-4ef7-479b-9565-d57f296e49ca"}
{"level":"info","time":"2021-03-17T18:40:24.197+0800","linenum":"/home/gongna/go/src/github.com/2021-ZeroGravity-backend/log/log.go:69","msg":"OK","serviceName":"server","X-Request-Id":"630484c3-4ef7-479b-9565-d57f296e49ca"}
{"level":"info","time":"2021-03-17T18:40:24.197+0800","linenum":"/home/gongna/go/src/github.com/2021-ZeroGravity-backend/log/log.go:69","msg":"838.842µs     | ::1          | POST /api/v1/auth/api/v1/login | {code: 0, message: OK}","serviceName":"server"}
{"level":"info","time":"2021-03-17T18:40:40.285+0800","linenum":"/home/gongna/go/src/github.com/2021-ZeroGravity-backend/log/log.go:69","msg":"login function called.","serviceName":"server","X-Request-Id":"88921db1-c544-401f-964c-bd9e85c2da47"}
{"level":"error","time":"2021-03-17T18:40:40.285+0800","linenum":"/home/gongna/go/src/github.com/2021-ZeroGravity-backend/log/log.go:84","msg":"Error occurred while binding the request body to the struct.","serviceName":"server","X-Request-Id":"88921db1-c544-401f-964c-bd9e85c2da47","cause":"json: cannot unmarshal number into Go struct field LoginRequest.account of type string","source":"/home/gongna/go/src/github.com/2021-ZeroGravity-backend/handler/auth/login.go:35"}
{"level":"info","time":"2021-03-17T18:40:40.285+0800","linenum":"/home/gongna/go/src/github.com/2021-ZeroGravity-backend/log/log.go:69","msg":"153.505µs     | ::1          | POST /api/v1/auth/api/v1/login | {code: 10002, message: Error occurred while binding the request body to the struct.: json: cannot unmarshal number into Go struct field LoginRequest.account of type string}","serviceName":"server"}
{"level":"info","time":"2021-03-17T18:40:58.857+0800","linenum":"/home/gongna/go/src/github.com/2021-ZeroGravity-backend/log/log.go:69","msg":"login function called.","serviceName":"server","X-Request-Id":"9b71e03a-7739-49d3-a892-7719be05fe6e"}
{"level":"info","time":"2021-03-17T18:40:58.858+0800","linenum":"/home/gongna/go/src/github.com/2021-ZeroGravity-backend/log/log.go:69","msg":"OK","serviceName":"server","X-Request-Id":"9b71e03a-7739-49d3-a892-7719be05fe6e"}
{"level":"info","time":"2021-03-17T18:40:58.858+0800","linenum":"/home/gongna/go/src/github.com/2021-ZeroGravity-backend/log/log.go:69","msg":"984.132µs     | ::1          | POST /api/v1/auth/api/v1/login | {code: 0, message: OK}","serviceName":"server"}
{"level":"info","time":"2021-03-17T18:40:59.077+0800","linenum":"/home/gongna/go/src/github.com/2021-ZeroGravity-backend/log/log.go:69","msg":"login function called.","serviceName":"server","X-Request-Id":"fd04af2d-4092-4369-a2a4-1f9fcc0b2914"}
{"level":"info","time":"2021-03-17T18:40:59.078+0800","linenum":"/home/gongna/go/src/github.com/2021-ZeroGravity-backend/log/log.go:69","msg":"OK","serviceName":"server","X-Request-Id":"fd04af2d-4092-4369-a2a4-1f9fcc0b2914"}
{"level":"info","time":"2021-03-17T18:40:59.078+0800","linenum":"/home/gongna/go/src/github.com/2021-ZeroGravity-backend/log/log.go:69","msg":"864.689µs     | ::1          | POST /api/v1/auth/api/v1/login | {code: 0, message: OK}","serviceName":"server"}
{"level":"info","time":"2021-03-17T18:44:12.635+0800","linenum":"/home/gongna/go/src/github.com/2021-ZeroGravity-backend/log/log.go:69","msg":"Start to listening the incoming requests on http address: 0.0.0.0:8899","serviceName":"server"}
{"level":"info","time":"2021-03-17T18:44:12.635+0800","linenum":"/home/gongna/go/src/github.com/2021-ZeroGravity-backend/log/log.go:69","msg":"listen tcp 0.0.0.0:8899: bind: address already in use","serviceName":"server"}
{"level":"info","time":"2021-03-17T18:44:44.498+0800","linenum":"/home/gongna/go/src/github.com/2021-ZeroGravity-backend/log/log.go:69","msg":"login function called.","serviceName":"server","X-Request-Id":"183c0af1-5128-4d88-a17f-cd81716b91e7"}
{"level":"error","time":"2021-03-17T18:44:44.498+0800","linenum":"/home/gongna/go/src/github.com/2021-ZeroGravity-backend/log/log.go:84","msg":"Error occurred while binding the request body to the struct.","serviceName":"server","X-Request-Id":"183c0af1-5128-4d88-a17f-cd81716b91e7","cause":"json: cannot unmarshal number into Go struct field LoginRequest.account of type string","source":"/home/gongna/go/src/github.com/2021-ZeroGravity-backend/handler/auth/login.go:35"}
{"level":"info","time":"2021-03-17T18:44:44.498+0800","linenum":"/home/gongna/go/src/github.com/2021-ZeroGravity-backend/log/log.go:69","msg":"190.718µs     | ::1          | POST /api/v1/auth/api/v1/login | {code: 10002, message: Error occurred while binding the request body to the struct.: json: cannot unmarshal number into Go struct field LoginRequest.account of type string}","serviceName":"server"}
{"level":"info","time":"2021-03-17T18:44:45.749+0800","linenum":"/home/gongna/go/src/github.com/2021-ZeroGravity-backend/log/log.go:69","msg":"login function called.","serviceName":"server","X-Request-Id":"29f7db12-95da-4848-9086-c9eaf0a537f9"}
{"level":"error","time":"2021-03-17T18:44:45.749+0800","linenum":"/home/gongna/go/src/github.com/2021-ZeroGravity-backend/log/log.go:84","msg":"Error occurred while binding the request body to the struct.","serviceName":"server","X-Request-Id":"29f7db12-95da-4848-9086-c9eaf0a537f9","cause":"json: cannot unmarshal number into Go struct field LoginRequest.account of type string","source":"/home/gongna/go/src/github.com/2021-ZeroGravity-backend/handler/auth/login.go:35"}
{"level":"info","time":"2021-03-17T18:44:45.749+0800","linenum":"/home/gongna/go/src/github.com/2021-ZeroGravity-backend/log/log.go:69","msg":"199µs         | ::1          | POST /api/v1/auth/api/v1/login | {code: 10002, message: Error occurred while binding the request body to the struct.: json: cannot unmarshal number into Go struct field LoginRequest.account of type string}","serviceName":"server"}
{"level":"info","time":"2021-03-17T18:44:46.043+0800","linenum":"/home/gongna/go/src/github.com/2021-ZeroGravity-backend/log/log.go:69","msg":"login function called.","serviceName":"server","X-Request-Id":"8c334f93-b240-45de-a0a9-7bdcec8fe072"}
{"level":"error","time":"2021-03-17T18:44:46.043+0800","linenum":"/home/gongna/go/src/github.com/2021-ZeroGravity-backend/log/log.go:84","msg":"Error occurred while binding the request body to the struct.","serviceName":"server","X-Request-Id":"8c334f93-b240-45de-a0a9-7bdcec8fe072","cause":"json: cannot unmarshal number into Go struct field LoginRequest.account of type string","source":"/home/gongna/go/src/github.com/2021-ZeroGravity-backend/handler/auth/login.go:35"}
{"level":"info","time":"2021-03-17T18:44:46.043+0800","linenum":"/home/gongna/go/src/github.com/2021-ZeroGravity-backend/log/log.go:69","msg":"188.506µs     | ::1          | POST /api/v1/auth/api/v1/login | {code: 10002, message: Error occurred while binding the request body to the struct.: json: cannot unmarshal number into Go struct field LoginRequest.account of type string}","serviceName":"server"}
{"level":"info","time":"2021-03-17T18:44:46.740+0800","linenum":"/home/gongna/go/src/github.com/2021-ZeroGravity-backend/log/log.go:69","msg":"login function called.","serviceName":"server","X-Request-Id":"3e7057a2-acaa-4fbd-b862-60921b6789d5"}
{"level":"error","time":"2021-03-17T18:44:46.740+0800","linenum":"/home/gongna/go/src/github.com/2021-ZeroGravity-backend/log/log.go:84","msg":"Error occurred while binding the request body to the struct.","serviceName":"server","X-Request-Id":"3e7057a2-acaa-4fbd-b862-60921b6789d5","cause":"json: cannot unmarshal number into Go struct field LoginRequest.account of type string","source":"/home/gongna/go/src/github.com/2021-ZeroGravity-backend/handler/auth/login.go:35"}
{"level":"info","time":"2021-03-17T18:44:46.740+0800","linenum":"/home/gongna/go/src/github.com/2021-ZeroGravity-backend/log/log.go:69","msg":"131.389µs     | ::1          | POST /api/v1/auth/api/v1/login | {code: 10002, message: Error occurred while binding the request body to the struct.: json: cannot unmarshal number into Go struct field LoginRequest.account of type string}","serviceName":"server"}
{"level":"info","time":"2021-03-17T18:44:47.067+0800","linenum":"/home/gongna/go/src/github.com/2021-ZeroGravity-backend/log/log.go:69","msg":"login function called.","serviceName":"server","X-Request-Id":"174c2c9e-fd39-4a96-b2b9-2c213edb513c"}
{"level":"error","time":"2021-03-17T18:44:47.067+0800","linenum":"/home/gongna/go/src/github.com/2021-ZeroGravity-backend/log/log.go:84","msg":"Error occurred while binding the request body to the struct.","serviceName":"server","X-Request-Id":"174c2c9e-fd39-4a96-b2b9-2c213edb513c","cause":"json: cannot unmarshal number into Go struct field LoginRequest.account of type string","source":"/home/gongna/go/src/github.com/2021-ZeroGravity-backend/handler/auth/login.go:35"}
{"level":"info","time":"2021-03-17T18:44:47.067+0800","linenum":"/home/gongna/go/src/github.com/2021-ZeroGravity-backend/log/log.go:69","msg":"108.124µs     | ::1          | POST /api/v1/auth/api/v1/login | {code: 10002, message: Error occurred while binding the request body to the struct.: json: cannot unmarshal number into Go struct field LoginRequest.account of type string}","serviceName":"server"}
{"level":"info","time":"2021-03-17T20:49:55.206+0800","linenum":"/home/gongna/go/src/github.com/2021-ZeroGravity-backend/log/log.go:69","msg":"login function called.","serviceName":"server","X-Request-Id":"155ea157-1cec-46e3-ac2b-776ee594c0d1"}
{"level":"info","time":"2021-03-17T20:49:55.207+0800","linenum":"/home/gongna/go/src/github.com/2021-ZeroGravity-backend/log/log.go:69","msg":"OK","serviceName":"server","X-Request-Id":"155ea157-1cec-46e3-ac2b-776ee594c0d1"}
{"level":"info","time":"2021-03-17T20:49:55.207+0800","linenum":"/home/gongna/go/src/github.com/2021-ZeroGravity-backend/log/log.go:69","msg":"976.84µs      | ::1          | POST /api/v1/auth/api/v1/login | {code: 0, message: OK}","serviceName":"server"}
{"level":"info","time":"2021-03-17T20:50:12.494+0800","linenum":"/home/gongna/go/src/github.com/2021-ZeroGravity-backend/log/log.go:69","msg":"login function called.","serviceName":"server","X-Request-Id":"2c6f03a6-5d86-4944-9130-a1360904d09c"}
{"level":"error","time":"2021-03-17T20:50:12.494+0800","linenum":"/home/gongna/go/src/github.com/2021-ZeroGravity-backend/log/log.go:84","msg":"Error occurred while binding the request body to the struct.","serviceName":"server","X-Request-Id":"2c6f03a6-5d86-4944-9130-a1360904d09c","cause":"json: cannot unmarshal number into Go struct field LoginRequest.account of type string","source":"/home/gongna/go/src/github.com/2021-ZeroGravity-backend/handler/auth/login.go:35"}
{"level":"info","time":"2021-03-17T20:50:12.494+0800","linenum":"/home/gongna/go/src/github.com/2021-ZeroGravity-backend/log/log.go:69","msg":"137.978µs     | ::1          | POST /api/v1/auth/api/v1/login | {code: 10002, message: Error occurred while binding the request body to the struct.: json: cannot unmarshal number into Go struct field LoginRequest.account of type string}","serviceName":"server"}
{"level":"info","time":"2021-03-17T20:55:05.058+0800","linenum":"/home/gongna/go/src/github.com/2021-ZeroGravity-backend/log/log.go:69","msg":"login function called.","serviceName":"server","X-Request-Id":"bfb0b40e-c1ee-438a-8536-e9a3150dba1e"}
{"level":"info","time":"2021-03-17T20:55:05.058+0800","linenum":"/home/gongna/go/src/github.com/2021-ZeroGravity-backend/log/log.go:69","msg":"OK","serviceName":"server","X-Request-Id":"bfb0b40e-c1ee-438a-8536-e9a3150dba1e"}
{"level":"info","time":"2021-03-17T20:55:05.059+0800","linenum":"/home/gongna/go/src/github.com/2021-ZeroGravity-backend/log/log.go:69","msg":"891.05µs      | ::1          | POST /api/v1/auth/api/v1/login | {code: 0, message: OK}","serviceName":"server"}
{"level":"info","time":"2021-03-17T20:55:57.026+0800","linenum":"/home/gongna/go/src/github.com/2021-ZeroGravity-backend/log/log.go:69","msg":"login function called.","serviceName":"server","X-Request-Id":"c1ff5408-45cf-4951-bccf-f3271a29e543"}
{"level":"info","time":"2021-03-17T20:55:57.027+0800","linenum":"/home/gongna/go/src/github.com/2021-ZeroGravity-backend/log/log.go:69","msg":"OK","serviceName":"server","X-Request-Id":"c1ff5408-45cf-4951-bccf-f3271a29e543"}
{"level":"info","time":"2021-03-17T20:55:57.027+0800","linenum":"/home/gongna/go/src/github.com/2021-ZeroGravity-backend/log/log.go:69","msg":"832.93µs      | ::1          | POST /api/v1/auth/api/v1/login | {code: 0, message: OK}","serviceName":"server"}
{"level":"info","time":"2021-03-17T20:56:36.163+0800","linenum":"/home/gongna/go/src/github.com/2021-ZeroGravity-backend/log/log.go:69","msg":"login function called.","serviceName":"server","X-Request-Id":"e48daec0-bfbc-4079-92a4-426e9cbb09a8"}
{"level":"info","time":"2021-03-17T20:56:36.164+0800","linenum":"/home/gongna/go/src/github.com/2021-ZeroGravity-backend/log/log.go:69","msg":"OK","serviceName":"server","X-Request-Id":"e48daec0-bfbc-4079-92a4-426e9cbb09a8"}
{"level":"info","time":"2021-03-17T20:56:36.164+0800","linenum":"/home/gongna/go/src/github.com/2021-ZeroGravity-backend/log/log.go:69","msg":"1.034009ms    | ::1          | POST /api/v1/auth/api/v1/login | {code: 0, message: OK}","serviceName":"server"}
{"level":"info","time":"2021-03-17T21:31:41.104+0800","linenum":"/home/gongna/go/src/github.com/2021-ZeroGravity-backend/log/log.go:69","msg":"Start to listening the incoming requests on http address: 0.0.0.0:8899","serviceName":"server"}
{"level":"info","time":"2021-03-17T21:31:41.104+0800","linenum":"/home/gongna/go/src/github.com/2021-ZeroGravity-backend/log/log.go:69","msg":"listen tcp 0.0.0.0:8899: bind: address already in use","serviceName":"server"}
{"level":"info","time":"2021-03-17T21:32:05.497+0800","linenum":"/home/gongna/go/src/github.com/2021-ZeroGravity-backend/log/log.go:69","msg":"login function called.","serviceName":"server","X-Request-Id":"5f809ae6-f45f-4987-8ff7-65ba1ad97993"}
{"level":"error","time":"2021-03-17T21:32:05.497+0800","linenum":"/home/gongna/go/src/github.com/2021-ZeroGravity-backend/log/log.go:84","msg":"Error occurred while binding the request body to the struct.","serviceName":"server","X-Request-Id":"5f809ae6-f45f-4987-8ff7-65ba1ad97993","cause":"json: cannot unmarshal number into Go struct field LoginRequest.account of type string","source":"/home/gongna/go/src/github.com/2021-ZeroGravity-backend/handler/auth/login.go:35"}
{"level":"info","time":"2021-03-17T21:32:05.497+0800","linenum":"/home/gongna/go/src/github.com/2021-ZeroGravity-backend/log/log.go:69","msg":"165.812µs     | ::1          | POST /api/v1/auth/api/v1/login | {code: 10002, message: Error occurred while binding the request body to the struct.: json: cannot unmarshal number into Go struct field LoginRequest.account of type string}","serviceName":"server"}
{"level":"info","time":"2021-03-17T21:32:06.774+0800","linenum":"/home/gongna/go/src/github.com/2021-ZeroGravity-backend/log/log.go:69","msg":"login function called.","serviceName":"server","X-Request-Id":"2ae034e9-fde3-4fce-a46e-d3551081fe8d"}
{"level":"error","time":"2021-03-17T21:32:06.774+0800","linenum":"/home/gongna/go/src/github.com/2021-ZeroGravity-backend/log/log.go:84","msg":"Error occurred while binding the request body to the struct.","serviceName":"server","X-Request-Id":"2ae034e9-fde3-4fce-a46e-d3551081fe8d","cause":"json: cannot unmarshal number into Go struct field LoginRequest.account of type string","source":"/home/gongna/go/src/github.com/2021-ZeroGravity-backend/handler/auth/login.go:35"}
{"level":"info","time":"2021-03-17T21:32:06.774+0800","linenum":"/home/gongna/go/src/github.com/2021-ZeroGravity-backend/log/log.go:69","msg":"123.249µs     | ::1          | POST /api/v1/auth/api/v1/login | {code: 10002, message: Error occurred while binding the request body to the struct.: json: cannot unmarshal number into Go struct field LoginRequest.account of type string}","serviceName":"server"}
{"level":"info","time":"2021-03-17T21:32:07.620+0800","linenum":"/home/gongna/go/src/github.com/2021-ZeroGravity-backend/log/log.go:69","msg":"login function called.","serviceName":"server","X-Request-Id":"1daeb295-475c-439b-ab69-354f800eeb62"}
{"level":"error","time":"2021-03-17T21:32:07.620+0800","linenum":"/home/gongna/go/src/github.com/2021-ZeroGravity-backend/log/log.go:84","msg":"Error occurred while binding the request body to the struct.","serviceName":"server","X-Request-Id":"1daeb295-475c-439b-ab69-354f800eeb62","cause":"json: cannot unmarshal number into Go struct field LoginRequest.account of type string","source":"/home/gongna/go/src/github.com/2021-ZeroGravity-backend/handler/auth/login.go:35"}
{"level":"info","time":"2021-03-17T21:32:07.621+0800","linenum":"/home/gongna/go/src/github.com/2021-ZeroGravity-backend/log/log.go:69","msg":"133.983µs     | ::1          | POST /api/v1/auth/api/v1/login | {code: 10002, message: Error occurred while binding the request body to the struct.: json: cannot unmarshal number into Go struct field LoginRequest.account of type string}","serviceName":"server"}
{"level":"info","time":"2021-03-17T21:32:07.947+0800","linenum":"/home/gongna/go/src/github.com/2021-ZeroGravity-backend/log/log.go:69","msg":"login function called.","serviceName":"server","X-Request-Id":"252aebf2-5b3c-47d1-bcdc-6dc299ffd149"}
{"level":"error","time":"2021-03-17T21:32:07.947+0800","linenum":"/home/gongna/go/src/github.com/2021-ZeroGravity-backend/log/log.go:84","msg":"Error occurred while binding the request body to the struct.","serviceName":"server","X-Request-Id":"252aebf2-5b3c-47d1-bcdc-6dc299ffd149","cause":"json: cannot unmarshal number into Go struct field LoginRequest.account of type string","source":"/home/gongna/go/src/github.com/2021-ZeroGravity-backend/handler/auth/login.go:35"}
{"level":"info","time":"2021-03-17T21:32:07.947+0800","linenum":"/home/gongna/go/src/github.com/2021-ZeroGravity-backend/log/log.go:69","msg":"166.256µs     | ::1          | POST /api/v1/auth/api/v1/login | {code: 10002, message: Error occurred while binding the request body to the struct.: json: cannot unmarshal number into Go struct field LoginRequest.account of type string}","serviceName":"server"}
{"level":"info","time":"2021-03-17T21:35:58.866+0800","linenum":"/home/gongna/go/src/github.com/2021-ZeroGravity-backend/log/log.go:69","msg":"login function called.","serviceName":"server","X-Request-Id":"797dc728-c117-4ca9-b1de-3e5832e48755"}
{"level":"error","time":"2021-03-17T21:35:58.866+0800","linenum":"/home/gongna/go/src/github.com/2021-ZeroGravity-backend/log/log.go:84","msg":"Error occurred while binding the request body to the struct.","serviceName":"server","X-Request-Id":"797dc728-c117-4ca9-b1de-3e5832e48755","cause":"json: cannot unmarshal number into Go struct field LoginRequest.account of type string","source":"/home/gongna/go/src/github.com/2021-ZeroGravity-backend/handler/auth/login.go:35"}
{"level":"info","time":"2021-03-17T21:35:58.866+0800","linenum":"/home/gongna/go/src/github.com/2021-ZeroGravity-backend/log/log.go:69","msg":"148.176µs     | ::1          | POST /api/v1/auth/api/v1/login | {code: 10002, message: Error occurred while binding the request body to the struct.: json: cannot unmarshal number into Go struct field LoginRequest.account of type string}","serviceName":"server"}
{"level":"info","time":"2021-03-17T21:36:17.034+0800","linenum":"/home/gongna/go/src/github.com/2021-ZeroGravity-backend/log/log.go:69","msg":"login function called.","serviceName":"server","X-Request-Id":"d1da1927-f9b3-47ab-9a80-92717ccbdeb8"}
{"level":"error","time":"2021-03-17T21:36:17.034+0800","linenum":"/home/gongna/go/src/github.com/2021-ZeroGravity-backend/log/log.go:84","msg":"Error occurred while binding the request body to the struct.","serviceName":"server","X-Request-Id":"d1da1927-f9b3-47ab-9a80-92717ccbdeb8","cause":"json: cannot unmarshal number into Go struct field LoginRequest.account of type string","source":"/home/gongna/go/src/github.com/2021-ZeroGravity-backend/handler/auth/login.go:35"}
{"level":"info","time":"2021-03-17T21:36:17.034+0800","linenum":"/home/gongna/go/src/github.com/2021-ZeroGravity-backend/log/log.go:69","msg":"129.626µs     | ::1          | POST /api/v1/auth/api/v1/login | {code: 10002, message: Error occurred while binding the request body to the struct.: json: cannot unmarshal number into Go struct field LoginRequest.account of type string}","serviceName":"server"}
{"level":"info","time":"2021-03-17T23:14:11.911+0800","linenum":"/home/gongna/go/src/github.com/2021-ZeroGravity-backend/log/log.go:69","msg":"Start to listening the incoming requests on http address: 0.0.0.0:8899","serviceName":"server"}
{"level":"info","time":"2021-03-17T23:14:11.912+0800","linenum":"/home/gongna/go/src/github.com/2021-ZeroGravity-backend/log/log.go:69","msg":"Waiting for the router, retry in 1 second.","serviceName":"server"}
{"level":"info","time":"2021-03-17T23:14:12.914+0800","linenum":"/home/gongna/go/src/github.com/2021-ZeroGravity-backend/log/log.go:69","msg":"The router has been deployed successfully.","serviceName":"server"}
{"level":"info","time":"2021-03-17T23:27:21.131+0800","linenum":"/home/gongna/go/src/github.com/2021-ZeroGravity-backend/log/log.go:69","msg":"Start to listening the incoming requests on http address: 0.0.0.0:8899","serviceName":"server"}
{"level":"info","time":"2021-03-17T23:27:21.132+0800","linenum":"/home/gongna/go/src/github.com/2021-ZeroGravity-backend/log/log.go:69","msg":"The router has been deployed successfully.","serviceName":"server"}
{"level":"info","time":"2021-03-17T23:27:29.065+0800","linenum":"/home/gongna/go/src/github.com/2021-ZeroGravity-backend/log/log.go:69","msg":"User register function called.","serviceName":"server","X-Request-Id":"a9068b5c-e643-4b8c-b847-f46fde29ebfc"}
{"level":"info","time":"2021-03-17T23:27:29.081+0800","linenum":"/home/gongna/go/src/github.com/2021-ZeroGravity-backend/log/log.go:69","msg":"OK","serviceName":"server","X-Request-Id":"a9068b5c-e643-4b8c-b847-f46fde29ebfc"}
{"level":"info","time":"2021-03-17T23:27:29.081+0800","linenum":"/home/gongna/go/src/github.com/2021-ZeroGravity-backend/log/log.go:69","msg":"16.293478ms   | ::1          | POST /api/v1/auth/api/v1/register | {code: 0, message: OK}","serviceName":"server"}
{"level":"info","time":"2021-03-17T23:27:41.660+0800","linenum":"/home/gongna/go/src/github.com/2021-ZeroGravity-backend/log/log.go:69","msg":"login function called.","serviceName":"server","X-Request-Id":"19fd5687-4207-4490-85ae-aef9caa6ba06"}
{"level":"info","time":"2021-03-17T23:27:41.660+0800","linenum":"/home/gongna/go/src/github.com/2021-ZeroGravity-backend/log/log.go:69","msg":"OK","serviceName":"server","X-Request-Id":"19fd5687-4207-4490-85ae-aef9caa6ba06"}
{"level":"info","time":"2021-03-17T23:27:41.661+0800","linenum":"/home/gongna/go/src/github.com/2021-ZeroGravity-backend/log/log.go:69","msg":"872.668µs     | ::1          | POST /api/v1/auth/api/v1/login | {code: 0, message: OK}","serviceName":"server"}
{"level":"info","time":"2021-03-17T23:33:24.500+0800","linenum":"/home/gongna/go/src/github.com/2021-ZeroGravity-backend/log/log.go:69","msg":"login function called.","serviceName":"server","X-Request-Id":"1ee6dbc2-831b-4484-9988-7e6567de5ffb"}
{"level":"info","time":"2021-03-17T23:33:24.501+0800","linenum":"/home/gongna/go/src/github.com/2021-ZeroGravity-backend/log/log.go:69","msg":"OK","serviceName":"server","X-Request-Id":"1ee6dbc2-831b-4484-9988-7e6567de5ffb"}
{"level":"info","time":"2021-03-17T23:33:24.501+0800","linenum":"/home/gongna/go/src/github.com/2021-ZeroGravity-backend/log/log.go:69","msg":"790.75µs      | ::1          | POST /api/v1/auth/api/v1/login | {code: 0, message: OK}","serviceName":"server"}
{"level":"info","time":"2021-03-17T23:33:43.680+0800","linenum":"/home/gongna/go/src/github.com/2021-ZeroGravity-backend/log/log.go:69","msg":"login function called.","serviceName":"server","X-Request-Id":"fb141998-7aed-4ad0-86c6-5dacbed40ded"}
{"level":"error","time":"2021-03-17T23:33:43.680+0800","linenum":"/home/gongna/go/src/github.com/2021-ZeroGravity-backend/log/log.go:84","msg":"The password was incorrect.","serviceName":"server","X-Request-Id":"fb141998-7aed-4ad0-86c6-5dacbed40ded","cause":"user doesn't exist","source":"/home/gongna/go/src/github.com/2021-ZeroGravity-backend/handler/auth/login.go:49"}
{"level":"info","time":"2021-03-17T23:33:43.680+0800","linenum":"/home/gongna/go/src/github.com/2021-ZeroGravity-backend/log/log.go:69","msg":"846.749µs     | ::1          | POST /api/v1/auth/api/v1/login | {code: 40002, message: The password was incorrect.: user doesn't exist}","serviceName":"server"}
{"level":"info","time":"2021-03-17T23:34:16.520+0800","linenum":"/home/gongna/go/src/github.com/2021-ZeroGravity-backend/log/log.go:69","msg":"User register function called.","serviceName":"server","X-Request-Id":"a4e832e2-db78-4ede-ab5f-ce5e39a93acc"}
{"level":"error","time":"2021-03-17T23:34:16.521+0800","linenum":"/home/gongna/go/src/github.com/2021-ZeroGravity-backend/log/log.go:84","msg":"Database error.","serviceName":"server","X-Request-Id":"a4e832e2-db78-4ede-ab5f-ce5e39a93acc","cause":"user had existed","source":"/home/gongna/go/src/github.com/2021-ZeroGravity-backend/handler/auth/register.go:47"}
{"level":"info","time":"2021-03-17T23:34:16.521+0800","linenum":"/home/gongna/go/src/github.com/2021-ZeroGravity-backend/log/log.go:69","msg":"765.276µs     | ::1          | POST /api/v1/auth/api/v1/register | {code: 20002, message: Database error.: user had existed}","serviceName":"server"}
{"level":"info","time":"2021-03-17T23:35:14.943+0800","linenum":"/home/gongna/go/src/github.com/2021-ZeroGravity-backend/log/log.go:69","msg":"User register function called.","serviceName":"server","X-Request-Id":"935057fd-c530-4326-bbb5-6842bd28eaea"}
{"level":"error","time":"2021-03-17T23:35:14.944+0800","linenum":"/home/gongna/go/src/github.com/2021-ZeroGravity-backend/log/log.go:84","msg":"Database error.","serviceName":"server","X-Request-Id":"935057fd-c530-4326-bbb5-6842bd28eaea","cause":"user had existed","source":"/home/gongna/go/src/github.com/2021-ZeroGravity-backend/handler/auth/register.go:47"}
{"level":"info","time":"2021-03-17T23:35:14.944+0800","linenum":"/home/gongna/go/src/github.com/2021-ZeroGravity-backend/log/log.go:69","msg":"695.155µs     | ::1          | POST /api/v1/auth/api/v1/register | {code: 20002, message: Database error.: user had existed}","serviceName":"server"}
{"level":"info","time":"2021-03-17T23:35:38.408+0800","linenum":"/home/gongna/go/src/github.com/2021-ZeroGravity-backend/log/log.go:69","msg":"User register function called.","serviceName":"server","X-Request-Id":"1efcb235-7bb4-4c73-bcf3-d90e83c1c5b7"}
{"level":"info","time":"2021-03-17T23:35:38.412+0800","linenum":"/home/gongna/go/src/github.com/2021-ZeroGravity-backend/log/log.go:69","msg":"OK","serviceName":"server","X-Request-Id":"1efcb235-7bb4-4c73-bcf3-d90e83c1c5b7"}
{"level":"info","time":"2021-03-17T23:35:38.413+0800","linenum":"/home/gongna/go/src/github.com/2021-ZeroGravity-backend/log/log.go:69","msg":"4.484046ms    | ::1          | POST /api/v1/auth/api/v1/register | {code: 0, message: OK}","serviceName":"server"}
{"level":"info","time":"2021-03-18T21:28:20.709+0800","linenum":"/home/gongna/go/src/github.com/2021-ZeroGravity-backend/log/log.go:69","msg":"Start to listening the incoming requests on http address: 0.0.0.0:8899","serviceName":"server"}
{"level":"info","time":"2021-03-18T21:28:20.709+0800","linenum":"/home/gongna/go/src/github.com/2021-ZeroGravity-backend/log/log.go:69","msg":"The router has been deployed successfully.","serviceName":"server"}
{"level":"info","time":"2021-03-18T21:28:30.949+0800","linenum":"/home/gongna/go/src/github.com/2021-ZeroGravity-backend/log/log.go:69","msg":"User register function called.","serviceName":"server","X-Request-Id":"3950b66c-eb6c-40aa-bbb8-136be506778c"}
{"level":"error","time":"2021-03-18T21:28:30.950+0800","linenum":"/home/gongna/go/src/github.com/2021-ZeroGravity-backend/log/log.go:84","msg":"Database error.","serviceName":"server","X-Request-Id":"3950b66c-eb6c-40aa-bbb8-136be506778c","cause":"user had existed","source":"/home/gongna/go/src/github.com/2021-ZeroGravity-backend/handler/auth/register.go:47"}
{"level":"info","time":"2021-03-18T21:28:30.950+0800","linenum":"/home/gongna/go/src/github.com/2021-ZeroGravity-backend/log/log.go:69","msg":"1.124193ms    | ::1          | POST /api/v1/auth/api/v1/register | {code: 20002, message: Database error.: user had existed}","serviceName":"server"}
{"level":"info","time":"2021-03-18T21:38:56.973+0800","linenum":"/home/gongna/go/src/github.com/2021-ZeroGravity-backend/log/log.go:69","msg":"Start to listening the incoming requests on http address: 0.0.0.0:8899","serviceName":"server"}
{"level":"info","time":"2021-03-18T21:38:56.973+0800","linenum":"/home/gongna/go/src/github.com/2021-ZeroGravity-backend/log/log.go:69","msg":"The router has been deployed successfully.","serviceName":"server"}
